Using pre-set license
Desktop is 1600 x 900 @ 60 Hz

 COMMAND LINE ARGUMENTS:
Unity
-adb2
-batchMode
-noUpm
-name
AssetImportWorker0
-projectPath
/home/main/Unity/MagpieMaze/MagpieMaze/MagpieMaze
-logFile
Logs/AssetImportWorker0.log
-srvPort
34851
Successfully changed project path to: /home/main/Unity/MagpieMaze/MagpieMaze/MagpieMaze
/home/main/Unity/MagpieMaze/MagpieMaze/MagpieMaze
Using Asset Import Pipeline V2.
Refreshing native plugins compatible for Editor in 32.62 ms, found 0 plugins.
Preloading 0 native plugins for Editor in 0.00 ms.
Initialize engine version: 2020.3.11f1 (99c7afb366b3)
[Subsystems] Discovering subsystems at path /home/main/Unity/2020.3.11f1/Editor/Data/Resources/UnitySubsystems
[Subsystems] Discovering subsystems at path /home/main/Unity/MagpieMaze/MagpieMaze/MagpieMaze/Assets
GLX Extensions: GLX_EXT_visual_info GLX_EXT_visual_rating GLX_EXT_import_context GLX_SGIX_fbconfig GLX_SGIX_pbuffer GLX_SGI_video_sync GLX_SGI_swap_control GLX_EXT_swap_control GLX_EXT_swap_control_tear GLX_EXT_texture_from_pixmap GLX_EXT_buffer_age GLX_ARB_create_context GLX_ARB_create_context_profile GLX_EXT_create_context_es_profile GLX_EXT_create_context_es2_profile GLX_ARB_create_context_no_error GLX_ARB_create_context_robustness GLX_NV_delay_before_swap GLX_EXT_stereo_tree GLX_ARB_context_flush_control GLX_NV_robustness_video_memory_purge GLX_NV_multigpu_context GLX_ARB_multisample GLX_NV_float_buffer GLX_ARB_fbconfig_float GLX_EXT_framebuffer_sRGB GLX_NV_multisample_coverage GLX_NV_copy_image GLX_ARB_get_proc_address 
Renderer: NVIDIA GeForce GTX 760/PCIe/SSE2
Vendor:   NVIDIA Corporation
Version:  4.5.0 NVIDIA 465.31
GLES:     0
 GL_AMD_multi_draw_indirect GL_AMD_seamless_cubemap_per_texture GL_ARB_arrays_of_arrays GL_ARB_base_instance GL_ARB_bindless_texture GL_ARB_blend_func_extended GL_ARB_buffer_storage GL_ARB_clear_buffer_object GL_ARB_clear_texture GL_ARB_clip_control GL_ARB_color_buffer_float GL_ARB_compressed_texture_pixel_storage GL_ARB_conservative_depth GL_ARB_compute_shader GL_ARB_compute_variable_group_size GL_ARB_conditional_render_inverted GL_ARB_copy_buffer GL_ARB_copy_image GL_ARB_cull_distance GL_ARB_debug_output GL_ARB_depth_buffer_float GL_ARB_depth_clamp GL_ARB_depth_texture GL_ARB_derivative_control GL_ARB_direct_state_access GL_ARB_draw_buffers GL_ARB_draw_buffers_blend GL_ARB_draw_indirect GL_ARB_draw_elements_base_vertex GL_ARB_draw_instanced GL_ARB_enhanced_layouts GL_ARB_ES2_compatibility GL_ARB_ES3_compatibility GL_ARB_ES3_1_compatibility GL_ARB_ES3_2_compatibility GL_ARB_explicit_attrib_location GL_ARB_explicit_uniform_location GL_ARB_fragment_coord_conventions GL_ARB_fragment_layer_viewport GL_ARB_fragm
ent_program GL_ARB_fragment_program_shadow GL_ARB_fragment_shader GL_ARB_framebuffer_no_attachments GL_ARB_framebuffer_object GL_ARB_framebuffer_sRGB GL_ARB_geometry_shader4 GL_ARB_get_program_binary GL_ARB_get_texture_sub_image GL_ARB_gl_spirv GL_ARB_gpu_shader5 GL_ARB_gpu_shader_fp64 GL_ARB_gpu_shader_int64 GL_ARB_half_float_pixel GL_ARB_half_float_vertex GL_ARB_imaging GL_ARB_indirect_parameters GL_ARB_instanced_arrays GL_ARB_internalformat_query GL_ARB_internalformat_query2 GL_ARB_invalidate_subdata GL_ARB_map_buffer_alignment GL_ARB_map_buffer_range GL_ARB_multi_bind GL_ARB_multi_draw_indirect GL_ARB_multisample GL_ARB_multitexture GL_ARB_occlusion_query GL_ARB_occlusion_query2 GL_ARB_parallel_shader_compile GL_ARB_pipeline_statistics_query GL_ARB_pixel_buffer_object GL_ARB_point_parameters GL_ARB_point_sprite GL_ARB_polygon_offset_clamp GL_ARB_program_interface_query GL_ARB_provoking_vertex GL_ARB_query_buffer_object GL_ARB_robust_buffer_access_behavior GL_ARB_robustness GL_ARB_sample_shading GL_ARB_sa
mpler_objects GL_ARB_seamless_cube_map GL_ARB_seamless_cubemap_per_texture GL_ARB_separate_shader_objects GL_ARB_shader_atomic_counter_ops GL_ARB_shader_atomic_counters GL_ARB_shader_ballot GL_ARB_shader_bit_encoding GL_ARB_shader_clock GL_ARB_shader_draw_parameters GL_ARB_shader_group_vote GL_ARB_shader_image_load_store GL_ARB_shader_image_size GL_ARB_shader_objects GL_ARB_shader_precision GL_ARB_shader_storage_buffer_object GL_ARB_shader_subroutine GL_ARB_shader_texture_image_samples GL_ARB_shader_texture_lod GL_ARB_shading_language_100 GL_ARB_shading_language_420pack GL_ARB_shading_language_include GL_ARB_shading_language_packing GL_ARB_shadow GL_ARB_sparse_buffer GL_ARB_sparse_texture GL_ARB_spirv_extensions GL_ARB_stencil_texturing GL_ARB_sync GL_ARB_tessellation_shader GL_ARB_texture_barrier GL_ARB_texture_border_clamp GL_ARB_texture_buffer_object GL_ARB_texture_buffer_object_rgb32 GL_ARB_texture_buffer_range GL_ARB_texture_compression GL_ARB_texture_compression_bptc GL_ARB_texture_compression_rgtc GL_
ARB_texture_cube_map GL_ARB_texture_cube_map_array GL_ARB_texture_env_add GL_ARB_texture_env_combine GL_ARB_texture_env_crossbar GL_ARB_texture_env_dot3 GL_ARB_texture_filter_anisotropic GL_ARB_texture_float GL_ARB_texture_gather GL_ARB_texture_mirror_clamp_to_edge GL_ARB_texture_mirrored_repeat GL_ARB_texture_multisample GL_ARB_texture_non_power_of_two GL_ARB_texture_query_levels GL_ARB_texture_query_lod GL_ARB_texture_rectangle GL_ARB_texture_rg GL_ARB_texture_rgb10_a2ui GL_ARB_texture_stencil8 GL_ARB_texture_storage GL_ARB_texture_storage_multisample GL_ARB_texture_swizzle GL_ARB_texture_view GL_ARB_timer_query GL_ARB_transform_feedback2 GL_ARB_transform_feedback3 GL_ARB_transform_feedback_instanced GL_ARB_transform_feedback_overflow_query GL_ARB_transpose_matrix GL_ARB_uniform_buffer_object GL_ARB_vertex_array_bgra GL_ARB_vertex_array_object GL_ARB_vertex_attrib_64bit GL_ARB_vertex_attrib_binding GL_ARB_vertex_buffer_object GL_ARB_vertex_program GL_ARB_vertex_shader GL_ARB_vertex_type_10f_11f_11f_rev GL_
ARB_vertex_type_2_10_10_10_rev GL_ARB_viewport_array GL_ARB_window_pos GL_ATI_draw_buffers GL_ATI_texture_float GL_ATI_texture_mirror_once GL_S3_s3tc GL_EXT_texture_env_add GL_EXT_abgr GL_EXT_bgra GL_EXT_bindable_uniform GL_EXT_blend_color GL_EXT_blend_equation_separate GL_EXT_blend_func_separate GL_EXT_blend_minmax GL_EXT_blend_subtract GL_EXT_compiled_vertex_array GL_EXT_Cg_shader GL_EXT_depth_bounds_test GL_EXT_direct_state_access GL_EXT_draw_buffers2 GL_EXT_draw_instanced GL_EXT_draw_range_elements GL_EXT_fog_coord GL_EXT_framebuffer_blit GL_EXT_framebuffer_multisample GL_EXTX_framebuffer_mixed_formats GL_EXT_framebuffer_multisample_blit_scaled GL_EXT_framebuffer_object GL_EXT_framebuffer_sRGB GL_EXT_geometry_shader4 GL_EXT_gpu_program_parameters GL_EXT_gpu_shader4 GL_EXT_multi_draw_arrays GL_EXT_multiview_texture_multisample GL_EXT_multiview_timer_query GL_EXT_packed_depth_stencil GL_EXT_packed_float GL_EXT_packed_pixels GL_EXT_pixel_buffer_object GL_EXT_point_parameters GL_EXT_polygon_offset_clamp GL_E
XT_provoking_vertex GL_EXT_rescale_normal GL_EXT_secondary_color GL_EXT_separate_shader_objects GL_EXT_separate_specular_color GL_EXT_shader_image_load_store GL_EXT_shader_integer_mix GL_EXT_shadow_funcs GL_EXT_stencil_two_side GL_EXT_stencil_wrap GL_EXT_texture3D GL_EXT_texture_array GL_EXT_texture_buffer_object GL_EXT_texture_compression_dxt1 GL_EXT_texture_compression_latc GL_EXT_texture_compression_rgtc GL_EXT_texture_compression_s3tc GL_EXT_texture_cube_map GL_EXT_texture_edge_clamp GL_EXT_texture_env_combine GL_EXT_texture_env_dot3 GL_EXT_texture_filter_anisotropic GL_EXT_texture_integer GL_EXT_texture_lod GL_EXT_texture_lod_bias GL_EXT_texture_mirror_clamp GL_EXT_texture_object GL_EXT_texture_shadow_lod GL_EXT_texture_shared_exponent GL_EXT_texture_sRGB GL_EXT_texture_sRGB_R8 GL_EXT_texture_sRGB_decode GL_EXT_texture_storage GL_EXT_texture_swizzle GL_EXT_timer_query GL_EXT_transform_feedback2 GL_EXT_vertex_array GL_EXT_vertex_array_bgra GL_EXT_vertex_attrib_64bit GL_EXT_window_rectangles GL_EXT_x11_sy
nc_object GL_EXT_import_sync_object GL_NV_robustness_video_memory_purge GL_IBM_rasterpos_clip GL_IBM_texture_mirrored_repeat GL_KHR_context_flush_control GL_KHR_debug GL_EXT_memory_object GL_EXT_memory_object_fd GL_KHR_parallel_shader_compile GL_KHR_no_error GL_KHR_robust_buffer_access_behavior GL_KHR_robustness GL_EXT_semaphore GL_EXT_semaphore_fd GL_NV_timeline_semaphore GL_KHR_shader_subgroup GL_KTX_buffer_region GL_NV_alpha_to_coverage_dither_control GL_NV_bindless_multi_draw_indirect GL_NV_bindless_multi_draw_indirect_count GL_NV_bindless_texture GL_NV_blend_equation_advanced GL_NV_blend_square GL_NV_command_list GL_NV_compute_program5 GL_NV_conditional_render GL_NV_copy_depth_to_color GL_NV_copy_image GL_NV_depth_buffer_float GL_NV_depth_clamp GL_NV_draw_texture GL_NV_draw_vulkan_image GL_NV_ES1_1_compatibility GL_NV_ES3_1_compatibility GL_NV_explicit_multisample GL_NV_feature_query GL_NV_fence GL_NV_float_buffer GL_NV_fog_distance GL_NV_fragment_program GL_NV_fragment_program_option GL_NV_fragment_pro
gram2 GL_NV_framebuffer_multisample_coverage GL_NV_geometry_shader4 GL_NV_gpu_program4 GL_NV_internalformat_sample_query GL_NV_gpu_program4_1 GL_NV_gpu_program5 GL_NV_gpu_program5_mem_extended GL_NV_gpu_program_fp64 GL_NV_gpu_shader5 GL_NV_half_float GL_NV_light_max_exponent GL_NV_multisample_coverage GL_NV_multisample_filter_hint GL_NV_occlusion_query GL_NV_packed_depth_stencil GL_NV_parameter_buffer_object GL_NV_parameter_buffer_object2 GL_NV_path_rendering GL_NV_pixel_data_range GL_NV_point_sprite GL_NV_primitive_restart GL_NV_query_resource GL_NV_query_resource_tag GL_NV_register_combiners GL_NV_register_combiners2 GL_NV_shader_atomic_counters GL_NV_shader_atomic_float GL_NV_shader_buffer_load GL_NV_shader_storage_buffer_object GL_NV_shader_subgroup_partitioned GL_NV_texgen_reflection GL_NV_texture_barrier GL_NV_texture_compression_vtc GL_NV_texture_env_combine4 GL_NV_texture_multisample GL_NV_texture_rectangle GL_NV_texture_rectangle_compressed GL_NV_texture_shader GL_NV_texture_shader2 GL_NV_texture_sh
ader3 GL_NV_transform_feedback GL_NV_transform_feedback2 GL_NV_uniform_buffer_unified_memory GL_NV_vdpau_interop GL_NV_vdpau_interop2 GL_NV_vertex_array_range GL_NV_vertex_array_range2 GL_NV_vertex_attrib_integer_64bit GL_NV_vertex_buffer_unified_memory GL_NV_vertex_program GL_NV_vertex_program1_1 GL_NV_vertex_program2 GL_NV_vertex_program2_option GL_NV_vertex_program3 GL_NVX_conditional_render GL_NV_gpu_multicast GL_NVX_progress_fence GL_NVX_gpu_memory_info GL_NVX_nvenc_interop GL_NV_shader_thread_group GL_NV_shader_thread_shuffle GL_KHR_blend_equation_advanced GL_OVR_multiview GL_OVR_multiview2 GL_SGIS_generate_mipmap GL_SGIS_texture_lod GL_SGIX_depth_texture GL_SGIX_shadow GL_SUN_slice_accum
OPENGL LOG: Creating OpenGL 4.5 graphics device ; Context level  <OpenGL 4.5> ; Context handle -960378728
Initialize mono
Mono path[0] = '/home/main/Unity/2020.3.11f1/Editor/Data/Managed'
Mono path[1] = '/home/main/Unity/2020.3.11f1/Editor/Data/MonoBleedingEdge/lib/mono/unityjit'
Mono config path = '/home/main/Unity/2020.3.11f1/Editor/Data/MonoBleedingEdge/etc'
Using monoOptions --debugger-agent=transport=dt_socket,embedding=1,server=y,suspend=n,address=127.0.0.1:56822
Begin MonoManager ReloadAssembly
Registering precompiled unity dll's ...
Register platform support module: /home/main/Unity/2020.3.11f1/Editor/Data/PlaybackEngines/LinuxStandaloneSupport/UnityEditor.LinuxStandalone.Extensions.dll
Registered in 0.001080 seconds.
Native extension for LinuxStandalone target not found
Refreshing native plugins compatible for Editor in 30.64 ms, found 0 plugins.
Preloading 0 native plugins for Editor in 0.00 ms.
Mono: successfully reloaded assembly
- Completed reload, in  0.896 seconds
Platform modules already initialized, skipping
Registering precompiled user dll's ...
Registered in 0.002248 seconds.
Begin MonoManager ReloadAssembly
Native extension for LinuxStandalone target not found
Refreshing native plugins compatible for Editor in 29.57 ms, found 0 plugins.
Preloading 0 native plugins for Editor in 0.00 ms.
Mono: successfully reloaded assembly
- Completed reload, in  1.020 seconds
Platform modules already initialized, skipping
========================================================================
Worker process is ready to serve import requests
Launched and connected shader compiler UnityShaderCompiler after 0.01 seconds
Refreshing native plugins compatible for Editor in 0.36 ms, found 0 plugins.
Preloading 0 native plugins for Editor in 0.00 ms.
Unloading 1683 Unused Serialized files (Serialized files now loaded: 0)
System memory in use before: 70.2 MB.
System memory in use after: 70.2 MB.

Unloading 21 unused Assets to reduce memory usage. Loaded Objects now: 2118.
Total: 4.023627 ms (FindLiveObjects: 0.291553 ms CreateObjectMapping: 0.171680 ms MarkObjects: 3.246003 ms  DeleteObjects: 0.313222 ms)

========================================================================
Received Import Request.
  path: Assets/Prototyping/BasicPlayerController.cs
  artifactKey: Guid(92e0a60571f2ed5c588436152f5155ba) Importer(815301076,1909f56bfc062723c751e8b465ee728b)
Start importing Assets/Prototyping/BasicPlayerController.cs using Guid(92e0a60571f2ed5c588436152f5155ba) Importer(815301076,1909f56bfc062723c751e8b465ee728b)  -> (artifact id: '5b464135c277de3a941922ecbc7ac6bd') in 0.004494 seconds
  Import took 0.008582 seconds .

========================================================================
Received Import Request.
  Time since last request: 0.001119 seconds.
  path: Assets/Prototyping/BasicPlayerController.cs
  artifactKey: Guid(92e0a60571f2ed5c588436152f5155ba) Importer(815301076,1909f56bfc062723c751e8b465ee728b)
Start importing Assets/Prototyping/BasicPlayerController.cs using Guid(92e0a60571f2ed5c588436152f5155ba) Importer(815301076,1909f56bfc062723c751e8b465ee728b)  -> (artifact id: '5b464135c277de3a941922ecbc7ac6bd') in 0.000631 seconds
  Import took 0.003996 seconds .

========================================================================
Received Prepare
Registering precompiled user dll's ...
Registered in 0.002706 seconds.
Begin MonoManager ReloadAssembly
Native extension for LinuxStandalone target not found
Refreshing native plugins compatible for Editor in 0.35 ms, found 0 plugins.
Preloading 0 native plugins for Editor in 0.00 ms.
Mono: successfully reloaded assembly
- Completed reload, in  0.983 seconds
Platform modules already initialized, skipping
Refreshing native plugins compatible for Editor in 0.34 ms, found 0 plugins.
Preloading 0 native plugins for Editor in 0.00 ms.
Unloading 1679 Unused Serialized files (Serialized files now loaded: 0)
System memory in use before: 70.4 MB.
System memory in use after: 70.4 MB.

Unloading 14 unused Assets to reduce memory usage. Loaded Objects now: 2122.
Total: 3.425662 ms (FindLiveObjects: 0.206407 ms CreateObjectMapping: 0.084211 ms MarkObjects: 3.028928 ms  DeleteObjects: 0.104812 ms)

========================================================================
Received Import Request.
  Time since last request: 123.419222 seconds.
  path: Assets/Prototyping/BasicPlayerController.cs
  artifactKey: Guid(92e0a60571f2ed5c588436152f5155ba) Importer(815301076,1909f56bfc062723c751e8b465ee728b)
Start importing Assets/Prototyping/BasicPlayerController.cs using Guid(92e0a60571f2ed5c588436152f5155ba) Importer(815301076,1909f56bfc062723c751e8b465ee728b)  -> (artifact id: '004d027c8a589b78461d5cfa0a6a518c') in 0.004122 seconds
  Import took 0.007326 seconds .

========================================================================
Received Import Request.
  Time since last request: 2.332777 seconds.
  path: Assets/Prototyping/PlayerControls.cs
  artifactKey: Guid(3fe4698dc6e9db92499ef1c1062d59db) Importer(815301076,1909f56bfc062723c751e8b465ee728b)
Start importing Assets/Prototyping/PlayerControls.cs using Guid(3fe4698dc6e9db92499ef1c1062d59db) Importer(815301076,1909f56bfc062723c751e8b465ee728b)  -> (artifact id: '870a1fd16f87b897cc69290a50d99005') in 0.000928 seconds
  Import took 0.004522 seconds .

========================================================================
Received Import Request.
  Time since last request: 0.001807 seconds.
  path: Assets/Prototyping/PlayerControls.cs
  artifactKey: Guid(3fe4698dc6e9db92499ef1c1062d59db) Importer(815301076,1909f56bfc062723c751e8b465ee728b)
Start importing Assets/Prototyping/PlayerControls.cs using Guid(3fe4698dc6e9db92499ef1c1062d59db) Importer(815301076,1909f56bfc062723c751e8b465ee728b)  -> (artifact id: '870a1fd16f87b897cc69290a50d99005') in 0.000649 seconds
  Import took 0.003973 seconds .

========================================================================
Received Import Request.
  Time since last request: 108.478663 seconds.
  path: Assets/Prototyping/PlayerControls.inputactions
  artifactKey: Guid(7144f2af689ce76168a65ea807eac89b) Importer(815301076,1909f56bfc062723c751e8b465ee728b)
Start importing Assets/Prototyping/PlayerControls.inputactions using Guid(7144f2af689ce76168a65ea807eac89b) Importer(815301076,1909f56bfc062723c751e8b465ee728b)  -> (artifact id: '4f3187267a59dad43ec6cc930d6edc51') in 0.016909 seconds
  Import took 0.020901 seconds .

========================================================================
Received Prepare
Registering precompiled user dll's ...
Registered in 0.003443 seconds.
Begin MonoManager ReloadAssembly
Native extension for LinuxStandalone target not found
Refreshing native plugins compatible for Editor in 0.36 ms, found 0 plugins.
Preloading 0 native plugins for Editor in 0.00 ms.
Mono: successfully reloaded assembly
- Completed reload, in  1.011 seconds
Platform modules already initialized, skipping
Refreshing native plugins compatible for Editor in 0.35 ms, found 0 plugins.
Preloading 0 native plugins for Editor in 0.00 ms.
Unloading 1679 Unused Serialized files (Serialized files now loaded: 0)
System memory in use before: 70.4 MB.
System memory in use after: 70.5 MB.

Unloading 14 unused Assets to reduce memory usage. Loaded Objects now: 2125.
Total: 4.151857 ms (FindLiveObjects: 0.350968 ms CreateObjectMapping: 0.157259 ms MarkObjects: 3.532674 ms  DeleteObjects: 0.109320 ms)

========================================================================
Received Prepare
Registering precompiled user dll's ...
Registered in 0.002510 seconds.
Begin MonoManager ReloadAssembly
Native extension for LinuxStandalone target not found
Refreshing native plugins compatible for Editor in 0.37 ms, found 0 plugins.
Preloading 0 native plugins for Editor in 0.00 ms.
Mono: successfully reloaded assembly
- Completed reload, in  1.015 seconds
Platform modules already initialized, skipping
Refreshing native plugins compatible for Editor in 0.48 ms, found 0 plugins.
Preloading 0 native plugins for Editor in 0.00 ms.
Unloading 1679 Unused Serialized files (Serialized files now loaded: 0)
System memory in use before: 70.5 MB.
System memory in use after: 70.5 MB.

Unloading 14 unused Assets to reduce memory usage. Loaded Objects now: 2128.
Total: 3.759814 ms (FindLiveObjects: 0.300165 ms CreateObjectMapping: 0.203875 ms MarkObjects: 3.146708 ms  DeleteObjects: 0.107894 ms)

========================================================================
Received Prepare
Registering precompiled user dll's ...
Registered in 0.002502 seconds.
Begin MonoManager ReloadAssembly
Native extension for LinuxStandalone target not found
Refreshing native plugins compatible for Editor in 0.43 ms, found 0 plugins.
Preloading 0 native plugins for Editor in 0.00 ms.
Mono: successfully reloaded assembly
- Completed reload, in  1.021 seconds
Platform modules already initialized, skipping
Refreshing native plugins compatible for Editor in 0.39 ms, found 0 plugins.
Preloading 0 native plugins for Editor in 0.00 ms.
Unloading 1679 Unused Serialized files (Serialized files now loaded: 0)
System memory in use before: 70.5 MB.
System memory in use after: 70.5 MB.

Unloading 14 unused Assets to reduce memory usage. Loaded Objects now: 2131.
Total: 3.268785 ms (FindLiveObjects: 0.189808 ms CreateObjectMapping: 0.069153 ms MarkObjects: 2.898859 ms  DeleteObjects: 0.109587 ms)

========================================================================
Received Prepare
Registering precompiled user dll's ...
Registered in 0.002708 seconds.
Begin MonoManager ReloadAssembly
Native extension for LinuxStandalone target not found
Refreshing native plugins compatible for Editor in 0.43 ms, found 0 plugins.
Preloading 0 native plugins for Editor in 0.00 ms.
Mono: successfully reloaded assembly
- Completed reload, in  0.995 seconds
Platform modules already initialized, skipping
Refreshing native plugins compatible for Editor in 0.35 ms, found 0 plugins.
Preloading 0 native plugins for Editor in 0.00 ms.
Unloading 1679 Unused Serialized files (Serialized files now loaded: 0)
System memory in use before: 70.5 MB.
System memory in use after: 70.5 MB.

Unloading 14 unused Assets to reduce memory usage. Loaded Objects now: 2134.
Total: 3.958508 ms (FindLiveObjects: 0.280928 ms CreateObjectMapping: 0.161121 ms MarkObjects: 3.389471 ms  DeleteObjects: 0.125186 ms)

========================================================================
Received Prepare
Registering precompiled user dll's ...
Registered in 0.002505 seconds.
Begin MonoManager ReloadAssembly
Native extension for LinuxStandalone target not found
Refreshing native plugins compatible for Editor in 0.53 ms, found 0 plugins.
Preloading 0 native plugins for Editor in 0.00 ms.
Mono: successfully reloaded assembly
- Completed reload, in  1.049 seconds
Platform modules already initialized, skipping
Refreshing native plugins compatible for Editor in 0.40 ms, found 0 plugins.
Preloading 0 native plugins for Editor in 0.00 ms.
Unloading 1679 Unused Serialized files (Serialized files now loaded: 0)
System memory in use before: 70.5 MB.
System memory in use after: 70.5 MB.

Unloading 14 unused Assets to reduce memory usage. Loaded Objects now: 2137.
Total: 3.861329 ms (FindLiveObjects: 0.336470 ms CreateObjectMapping: 0.163872 ms MarkObjects: 3.207122 ms  DeleteObjects: 0.152885 ms)

========================================================================
Received Prepare
Registering precompiled user dll's ...
Registered in 0.003878 seconds.
Begin MonoManager ReloadAssembly
Native extension for LinuxStandalone target not found
Refreshing native plugins compatible for Editor in 0.35 ms, found 0 plugins.
Preloading 0 native plugins for Editor in 0.00 ms.
Mono: successfully reloaded assembly
- Completed reload, in  0.978 seconds
Platform modules already initialized, skipping
Refreshing native plugins compatible for Editor in 0.35 ms, found 0 plugins.
Preloading 0 native plugins for Editor in 0.00 ms.
Unloading 1679 Unused Serialized files (Serialized files now loaded: 0)
System memory in use before: 70.5 MB.
System memory in use after: 70.5 MB.

Unloading 14 unused Assets to reduce memory usage. Loaded Objects now: 2140.
Total: 3.074126 ms (FindLiveObjects: 0.231292 ms CreateObjectMapping: 0.056720 ms MarkObjects: 2.681700 ms  DeleteObjects: 0.103282 ms)

========================================================================
Received Prepare
Registering precompiled user dll's ...
Registered in 0.002516 seconds.
Begin MonoManager ReloadAssembly
Native extension for LinuxStandalone target not found
Refreshing native plugins compatible for Editor in 0.38 ms, found 0 plugins.
Preloading 0 native plugins for Editor in 0.00 ms.
Mono: successfully reloaded assembly
- Completed reload, in  1.021 seconds
Platform modules already initialized, skipping
Refreshing native plugins compatible for Editor in 0.36 ms, found 0 plugins.
Preloading 0 native plugins for Editor in 0.00 ms.
Unloading 1679 Unused Serialized files (Serialized files now loaded: 0)
System memory in use before: 70.5 MB.
System memory in use after: 70.5 MB.

Unloading 14 unused Assets to reduce memory usage. Loaded Objects now: 2143.
Total: 4.149850 ms (FindLiveObjects: 0.438531 ms CreateObjectMapping: 0.166471 ms MarkObjects: 3.429728 ms  DeleteObjects: 0.113937 ms)

========================================================================
Received Prepare
Registering precompiled user dll's ...
Registered in 0.002532 seconds.
Begin MonoManager ReloadAssembly
Native extension for LinuxStandalone target not found
Refreshing native plugins compatible for Editor in 0.36 ms, found 0 plugins.
Preloading 0 native plugins for Editor in 0.00 ms.
Mono: successfully reloaded assembly
- Completed reload, in  1.008 seconds
Platform modules already initialized, skipping
Refreshing native plugins compatible for Editor in 0.35 ms, found 0 plugins.
Preloading 0 native plugins for Editor in 0.00 ms.
Unloading 1679 Unused Serialized files (Serialized files now loaded: 0)
System memory in use before: 70.5 MB.
System memory in use after: 70.5 MB.

Unloading 14 unused Assets to reduce memory usage. Loaded Objects now: 2146.
Total: 3.531209 ms (FindLiveObjects: 0.306211 ms CreateObjectMapping: 0.072729 ms MarkObjects: 3.040775 ms  DeleteObjects: 0.110109 ms)

========================================================================
Received Prepare
Registering precompiled user dll's ...
Registered in 0.002638 seconds.
Begin MonoManager ReloadAssembly
Native extension for LinuxStandalone target not found
Refreshing native plugins compatible for Editor in 0.40 ms, found 0 plugins.
Preloading 0 native plugins for Editor in 0.00 ms.
Mono: successfully reloaded assembly
- Completed reload, in  1.059 seconds
Platform modules already initialized, skipping
Refreshing native plugins compatible for Editor in 0.40 ms, found 0 plugins.
Preloading 0 native plugins for Editor in 0.00 ms.
Unloading 1679 Unused Serialized files (Serialized files now loaded: 0)
System memory in use before: 70.5 MB.
System memory in use after: 70.5 MB.

Unloading 14 unused Assets to reduce memory usage. Loaded Objects now: 2149.
Total: 4.087217 ms (FindLiveObjects: 0.270863 ms CreateObjectMapping: 0.156274 ms MarkObjects: 3.543014 ms  DeleteObjects: 0.115799 ms)

========================================================================
Received Prepare
Registering precompiled user dll's ...
Registered in 0.002652 seconds.
Begin MonoManager ReloadAssembly
Native extension for LinuxStandalone target not found
Refreshing native plugins compatible for Editor in 0.37 ms, found 0 plugins.
Preloading 0 native plugins for Editor in 0.00 ms.
Mono: successfully reloaded assembly
- Completed reload, in  0.962 seconds
Platform modules already initialized, skipping
Refreshing native plugins compatible for Editor in 0.34 ms, found 0 plugins.
Preloading 0 native plugins for Editor in 0.00 ms.
Unloading 1679 Unused Serialized files (Serialized files now loaded: 0)
System memory in use before: 70.5 MB.
System memory in use after: 70.6 MB.

Unloading 14 unused Assets to reduce memory usage. Loaded Objects now: 2152.
Total: 3.775312 ms (FindLiveObjects: 0.260689 ms CreateObjectMapping: 0.092583 ms MarkObjects: 3.307765 ms  DeleteObjects: 0.112987 ms)

========================================================================
Received Prepare
Registering precompiled user dll's ...
Registered in 0.002576 seconds.
Begin MonoManager ReloadAssembly
Native extension for LinuxStandalone target not found
Refreshing native plugins compatible for Editor in 0.37 ms, found 0 plugins.
Preloading 0 native plugins for Editor in 0.00 ms.
Mono: successfully reloaded assembly
- Completed reload, in  1.016 seconds
Platform modules already initialized, skipping
Refreshing native plugins compatible for Editor in 0.34 ms, found 0 plugins.
Preloading 0 native plugins for Editor in 0.00 ms.
Unloading 1679 Unused Serialized files (Serialized files now loaded: 0)
System memory in use before: 70.5 MB.
System memory in use after: 70.6 MB.

Unloading 14 unused Assets to reduce memory usage. Loaded Objects now: 2155.
Total: 3.711541 ms (FindLiveObjects: 0.363946 ms CreateObjectMapping: 0.220064 ms MarkObjects: 2.988207 ms  DeleteObjects: 0.137683 ms)

========================================================================
Received Prepare
Registering precompiled user dll's ...
Registered in 0.002339 seconds.
Begin MonoManager ReloadAssembly
Native extension for LinuxStandalone target not found
Refreshing native plugins compatible for Editor in 0.38 ms, found 0 plugins.
Preloading 0 native plugins for Editor in 0.00 ms.
Mono: successfully reloaded assembly
- Completed reload, in  0.929 seconds
Platform modules already initialized, skipping
Refreshing native plugins compatible for Editor in 0.38 ms, found 0 plugins.
Preloading 0 native plugins for Editor in 0.00 ms.
Unloading 1679 Unused Serialized files (Serialized files now loaded: 0)
System memory in use before: 70.5 MB.
System memory in use after: 70.6 MB.

Unloading 14 unused Assets to reduce memory usage. Loaded Objects now: 2158.
Total: 3.721791 ms (FindLiveObjects: 0.204491 ms CreateObjectMapping: 0.081052 ms MarkObjects: 3.319446 ms  DeleteObjects: 0.115572 ms)

========================================================================
Received Prepare
Registering precompiled user dll's ...
Registered in 0.002454 seconds.
Begin MonoManager ReloadAssembly
Native extension for LinuxStandalone target not found
Refreshing native plugins compatible for Editor in 0.36 ms, found 0 plugins.
Preloading 0 native plugins for Editor in 0.00 ms.
Mono: successfully reloaded assembly
- Completed reload, in  1.031 seconds
Platform modules already initialized, skipping
Refreshing native plugins compatible for Editor in 0.34 ms, found 0 plugins.
Preloading 0 native plugins for Editor in 0.00 ms.
Unloading 1679 Unused Serialized files (Serialized files now loaded: 0)
System memory in use before: 70.5 MB.
System memory in use after: 70.6 MB.

Unloading 14 unused Assets to reduce memory usage. Loaded Objects now: 2161.
Total: 3.075376 ms (FindLiveObjects: 0.278733 ms CreateObjectMapping: 0.052940 ms MarkObjects: 2.645562 ms  DeleteObjects: 0.097258 ms)

========================================================================
Received Import Request.
  Time since last request: 1527.469156 seconds.
  path: Assets/Prototyping/Raycaster.cs
  artifactKey: Guid(d4f4c9d88cb5cfb00a34439f64bc595c) Importer(815301076,1909f56bfc062723c751e8b465ee728b)
Start importing Assets/Prototyping/Raycaster.cs using Guid(d4f4c9d88cb5cfb00a34439f64bc595c) Importer(815301076,1909f56bfc062723c751e8b465ee728b)  -> (artifact id: '46106b97a246715ba6e72d90dda857dc') in 0.004306 seconds
  Import took 0.007822 seconds .

========================================================================
Received Import Request.
  Time since last request: 0.000635 seconds.
  path: Assets/Prototyping/Raycaster.cs
  artifactKey: Guid(d4f4c9d88cb5cfb00a34439f64bc595c) Importer(815301076,1909f56bfc062723c751e8b465ee728b)
Start importing Assets/Prototyping/Raycaster.cs using Guid(d4f4c9d88cb5cfb00a34439f64bc595c) Importer(815301076,1909f56bfc062723c751e8b465ee728b)  -> (artifact id: '46106b97a246715ba6e72d90dda857dc') in 0.000635 seconds
  Import took 0.003428 seconds .

========================================================================
Received Prepare
Registering precompiled user dll's ...
Registered in 0.002851 seconds.
Begin MonoManager ReloadAssembly
Native extension for LinuxStandalone target not found
Refreshing native plugins compatible for Editor in 0.37 ms, found 0 plugins.
Preloading 0 native plugins for Editor in 0.00 ms.
Mono: successfully reloaded assembly
- Completed reload, in  1.032 seconds
Platform modules already initialized, skipping
Refreshing native plugins compatible for Editor in 0.35 ms, found 0 plugins.
Preloading 0 native plugins for Editor in 0.00 ms.
Unloading 1680 Unused Serialized files (Serialized files now loaded: 0)
System memory in use before: 70.6 MB.
System memory in use after: 70.6 MB.

Unloading 14 unused Assets to reduce memory usage. Loaded Objects now: 2165.
Total: 4.023917 ms (FindLiveObjects: 0.288820 ms CreateObjectMapping: 0.081989 ms MarkObjects: 3.522836 ms  DeleteObjects: 0.128884 ms)

========================================================================
Received Prepare
Registering precompiled user dll's ...
Registered in 0.002351 seconds.
Begin MonoManager ReloadAssembly
Native extension for LinuxStandalone target not found
Refreshing native plugins compatible for Editor in 0.35 ms, found 0 plugins.
Preloading 0 native plugins for Editor in 0.00 ms.
Mono: successfully reloaded assembly
- Completed reload, in  0.999 seconds
Platform modules already initialized, skipping
Refreshing native plugins compatible for Editor in 0.43 ms, found 0 plugins.
Preloading 0 native plugins for Editor in 0.00 ms.
Unloading 1679 Unused Serialized files (Serialized files now loaded: 0)
System memory in use before: 70.6 MB.
System memory in use after: 70.6 MB.

Unloading 15 unused Assets to reduce memory usage. Loaded Objects now: 2167.
Total: 4.087588 ms (FindLiveObjects: 0.335169 ms CreateObjectMapping: 0.084472 ms MarkObjects: 3.538913 ms  DeleteObjects: 0.127091 ms)

========================================================================
Received Import Request.
  Time since last request: 1121.607163 seconds.
  path: Assets/Prototyping/Pink_Debug.mat
  artifactKey: Guid(ac7ad04e8774e33838d6b271cd9a14f4) Importer(815301076,1909f56bfc062723c751e8b465ee728b)
Start importing Assets/Prototyping/Pink_Debug.mat using Guid(ac7ad04e8774e33838d6b271cd9a14f4) Importer(815301076,1909f56bfc062723c751e8b465ee728b)  -> (artifact id: 'd84d26dc1e26c8af1815506b6e60cc6c') in 0.131645 seconds
  Import took 0.135358 seconds .

========================================================================
Received Import Request.
  Time since last request: 92.081888 seconds.
  path: Assets/Prototyping/Pink_Debug.mat
  artifactKey: Guid(ac7ad04e8774e33838d6b271cd9a14f4) Importer(815301076,1909f56bfc062723c751e8b465ee728b)
Start importing Assets/Prototyping/Pink_Debug.mat using Guid(ac7ad04e8774e33838d6b271cd9a14f4) Importer(815301076,1909f56bfc062723c751e8b465ee728b)  -> (artifact id: '13c656ac3a55f030380c56db601215ba') in 0.008012 seconds
  Import took 0.012336 seconds .

========================================================================
Received Prepare
Registering precompiled user dll's ...
Registered in 0.002517 seconds.
Begin MonoManager ReloadAssembly
Native extension for LinuxStandalone target not found
Refreshing native plugins compatible for Editor in 0.37 ms, found 0 plugins.
Preloading 0 native plugins for Editor in 0.00 ms.
Mono: successfully reloaded assembly
- Completed reload, in  1.026 seconds
Platform modules already initialized, skipping
Refreshing native plugins compatible for Editor in 0.34 ms, found 0 plugins.
Preloading 0 native plugins for Editor in 0.00 ms.
Unloading 1679 Unused Serialized files (Serialized files now loaded: 0)
System memory in use before: 72.1 MB.
System memory in use after: 72.2 MB.

Unloading 14 unused Assets to reduce memory usage. Loaded Objects now: 2210.
Total: 4.093759 ms (FindLiveObjects: 0.320480 ms CreateObjectMapping: 0.151387 ms MarkObjects: 3.519224 ms  DeleteObjects: 0.101639 ms)

========================================================================
Received Import Request.
  Time since last request: 288.294368 seconds.
  path: Assets/Prototyping/Maze Corridor (1).prefab
  artifactKey: Guid(8a03a274f3027643aac790139694a1e1) Importer(815301076,1909f56bfc062723c751e8b465ee728b)
Start importing Assets/Prototyping/Maze Corridor (1).prefab using Guid(8a03a274f3027643aac790139694a1e1) Importer(815301076,1909f56bfc062723c751e8b465ee728b)  -> (artifact id: '35f018957cee0e300b2eeead1854df88') in 0.074591 seconds
  Import took 0.078756 seconds .

========================================================================
Received Import Request.
  Time since last request: 0.003030 seconds.
  path: Assets/Prototyping/Maze Corridor (1).prefab
  artifactKey: Guid(8a03a274f3027643aac790139694a1e1) Importer(815301076,1909f56bfc062723c751e8b465ee728b)
Start importing Assets/Prototyping/Maze Corridor (1).prefab using Guid(8a03a274f3027643aac790139694a1e1) Importer(815301076,1909f56bfc062723c751e8b465ee728b)  -> (artifact id: '35f018957cee0e300b2eeead1854df88') in 0.006477 seconds
  Import took 0.010654 seconds .

========================================================================
Received Import Request.
  Time since last request: 1.733697 seconds.
  path: Assets/Prototyping/Maze Corridor.prefab
  artifactKey: Guid(ec932e55b133bdb08826bf8b6f56899f) Importer(815301076,1909f56bfc062723c751e8b465ee728b)
Start importing Assets/Prototyping/Maze Corridor.prefab using Guid(ec932e55b133bdb08826bf8b6f56899f) Importer(815301076,1909f56bfc062723c751e8b465ee728b)  -> (artifact id: 'e57bfbb161766466e2a9d78eecc07e37') in 0.007070 seconds
  Import took 0.010907 seconds .

========================================================================
Received Import Request.
  Time since last request: 12.715830 seconds.
  path: Assets/Prototyping/Maze Corridor End.prefab
  artifactKey: Guid(8a03a274f3027643aac790139694a1e1) Importer(815301076,1909f56bfc062723c751e8b465ee728b)
Start importing Assets/Prototyping/Maze Corridor End.prefab using Guid(8a03a274f3027643aac790139694a1e1) Importer(815301076,1909f56bfc062723c751e8b465ee728b)  -> (artifact id: 'a2d89522734295d0b4dbd1ced975b4f0') in 0.008470 seconds
  Import took 0.012390 seconds .

========================================================================
Received Import Request.
  Time since last request: 0.001049 seconds.
  path: Assets/Prototyping/Maze Corridor End.prefab
  artifactKey: Guid(8a03a274f3027643aac790139694a1e1) Importer(815301076,1909f56bfc062723c751e8b465ee728b)
Start importing Assets/Prototyping/Maze Corridor End.prefab using Guid(8a03a274f3027643aac790139694a1e1) Importer(815301076,1909f56bfc062723c751e8b465ee728b)  -> (artifact id: 'a2d89522734295d0b4dbd1ced975b4f0') in 0.008543 seconds
  Import took 0.012272 seconds .

========================================================================
Received Prepare
Registering precompiled user dll's ...
Registered in 0.002447 seconds.
Begin MonoManager ReloadAssembly
Native extension for LinuxStandalone target not found
Refreshing native plugins compatible for Editor in 0.36 ms, found 0 plugins.
Preloading 0 native plugins for Editor in 0.00 ms.
Mono: successfully reloaded assembly
- Completed reload, in  0.985 seconds
Platform modules already initialized, skipping
Refreshing native plugins compatible for Editor in 0.34 ms, found 0 plugins.
Preloading 0 native plugins for Editor in 0.00 ms.
Unloading 1680 Unused Serialized files (Serialized files now loaded: 0)
System memory in use before: 72.3 MB.
System memory in use after: 72.3 MB.

Unloading 15 unused Assets to reduce memory usage. Loaded Objects now: 2218.
Total: 3.433473 ms (FindLiveObjects: 0.290014 ms CreateObjectMapping: 0.056728 ms MarkObjects: 2.969933 ms  DeleteObjects: 0.115824 ms)

========================================================================
Received Import Request.
  Time since last request: 585.505245 seconds.
  path: Assets/Prototyping/MazeCell.cs
  artifactKey: Guid(5bca0ea7c89aa6a249b396419e36f0a6) Importer(815301076,1909f56bfc062723c751e8b465ee728b)
Start importing Assets/Prototyping/MazeCell.cs using Guid(5bca0ea7c89aa6a249b396419e36f0a6) Importer(815301076,1909f56bfc062723c751e8b465ee728b)  -> (artifact id: '198ec8c205cecf245248198b8ff0af57') in 0.004744 seconds
  Import took 0.009604 seconds .

========================================================================
Received Import Request.
  Time since last request: 1686.342608 seconds.
  path: Assets/Prototyping/MazeCell.cs
  artifactKey: Guid(5bca0ea7c89aa6a249b396419e36f0a6) Importer(815301076,1909f56bfc062723c751e8b465ee728b)
Start importing Assets/Prototyping/MazeCell.cs using Guid(5bca0ea7c89aa6a249b396419e36f0a6) Importer(815301076,1909f56bfc062723c751e8b465ee728b)  -> (artifact id: 'ebf57d54edbe4f09832e4fcfd10e2be6') in 0.000731 seconds
  Import took 0.004347 seconds .

========================================================================
Received Prepare
Registering precompiled user dll's ...
Registered in 0.002534 seconds.
Begin MonoManager ReloadAssembly
Native extension for LinuxStandalone target not found
Refreshing native plugins compatible for Editor in 0.42 ms, found 0 plugins.
Preloading 0 native plugins for Editor in 0.00 ms.
Mono: successfully reloaded assembly
- Completed reload, in  0.991 seconds
Platform modules already initialized, skipping
Refreshing native plugins compatible for Editor in 0.38 ms, found 0 plugins.
Preloading 0 native plugins for Editor in 0.00 ms.
Unloading 1680 Unused Serialized files (Serialized files now loaded: 0)
System memory in use before: 72.3 MB.
System memory in use after: 72.3 MB.

Unloading 14 unused Assets to reduce memory usage. Loaded Objects now: 2221.
Total: 3.682231 ms (FindLiveObjects: 0.305279 ms CreateObjectMapping: 0.159870 ms MarkObjects: 3.094443 ms  DeleteObjects: 0.121418 ms)

========================================================================
Received Import Request.
  Time since last request: 144.215179 seconds.
  path: Assets/Prototyping/MazeCell.prefab
  artifactKey: Guid(749b26e20b5ee7679b32ec872a53c88e) Importer(815301076,1909f56bfc062723c751e8b465ee728b)
Start importing Assets/Prototyping/MazeCell.prefab using Guid(749b26e20b5ee7679b32ec872a53c88e) Importer(815301076,1909f56bfc062723c751e8b465ee728b)  -> (artifact id: '73ebb7391ab5c883d0f24fba433cc495') in 0.055718 seconds
  Import took 0.059783 seconds .

========================================================================
Received Import Request.
  Time since last request: 0.002682 seconds.
  path: Assets/Prototyping/MazeCell.prefab
  artifactKey: Guid(749b26e20b5ee7679b32ec872a53c88e) Importer(815301076,1909f56bfc062723c751e8b465ee728b)
Start importing Assets/Prototyping/MazeCell.prefab using Guid(749b26e20b5ee7679b32ec872a53c88e) Importer(815301076,1909f56bfc062723c751e8b465ee728b)  -> (artifact id: '73ebb7391ab5c883d0f24fba433cc495') in 0.005727 seconds
  Import took 0.009116 seconds .

AssetImportWorkerClient::OnTransportError - code=2 error=End of file
