Using pre-set license
Desktop is 1600 x 900 @ 60 Hz

 COMMAND LINE ARGUMENTS:
Unity
-adb2
-batchMode
-noUpm
-name
AssetImportWorker0
-projectPath
/home/main/Unity/MagpieMaze/MagpieMaze/MagpieMaze
-logFile
Logs/AssetImportWorker0.log
-srvPort
36425
Successfully changed project path to: /home/main/Unity/MagpieMaze/MagpieMaze/MagpieMaze
/home/main/Unity/MagpieMaze/MagpieMaze/MagpieMaze
Using Asset Import Pipeline V2.
Refreshing native plugins compatible for Editor in 33.29 ms, found 0 plugins.
Preloading 0 native plugins for Editor in 0.00 ms.
Initialize engine version: 2020.3.11f1 (99c7afb366b3)
[Subsystems] Discovering subsystems at path /home/main/Unity/2020.3.11f1/Editor/Data/Resources/UnitySubsystems
[Subsystems] Discovering subsystems at path /home/main/Unity/MagpieMaze/MagpieMaze/MagpieMaze/Assets
GLX Extensions: GLX_EXT_visual_info GLX_EXT_visual_rating GLX_EXT_import_context GLX_SGIX_fbconfig GLX_SGIX_pbuffer GLX_SGI_video_sync GLX_SGI_swap_control GLX_EXT_swap_control GLX_EXT_swap_control_tear GLX_EXT_texture_from_pixmap GLX_EXT_buffer_age GLX_ARB_create_context GLX_ARB_create_context_profile GLX_EXT_create_context_es_profile GLX_EXT_create_context_es2_profile GLX_ARB_create_context_no_error GLX_ARB_create_context_robustness GLX_NV_delay_before_swap GLX_EXT_stereo_tree GLX_ARB_context_flush_control GLX_NV_robustness_video_memory_purge GLX_NV_multigpu_context GLX_ARB_multisample GLX_NV_float_buffer GLX_ARB_fbconfig_float GLX_EXT_framebuffer_sRGB GLX_NV_multisample_coverage GLX_NV_copy_image GLX_ARB_get_proc_address 
Renderer: NVIDIA GeForce GTX 760/PCIe/SSE2
Vendor:   NVIDIA Corporation
Version:  4.5.0 NVIDIA 465.31
GLES:     0
 GL_AMD_multi_draw_indirect GL_AMD_seamless_cubemap_per_texture GL_ARB_arrays_of_arrays GL_ARB_base_instance GL_ARB_bindless_texture GL_ARB_blend_func_extended GL_ARB_buffer_storage GL_ARB_clear_buffer_object GL_ARB_clear_texture GL_ARB_clip_control GL_ARB_color_buffer_float GL_ARB_compressed_texture_pixel_storage GL_ARB_conservative_depth GL_ARB_compute_shader GL_ARB_compute_variable_group_size GL_ARB_conditional_render_inverted GL_ARB_copy_buffer GL_ARB_copy_image GL_ARB_cull_distance GL_ARB_debug_output GL_ARB_depth_buffer_float GL_ARB_depth_clamp GL_ARB_depth_texture GL_ARB_derivative_control GL_ARB_direct_state_access GL_ARB_draw_buffers GL_ARB_draw_buffers_blend GL_ARB_draw_indirect GL_ARB_draw_elements_base_vertex GL_ARB_draw_instanced GL_ARB_enhanced_layouts GL_ARB_ES2_compatibility GL_ARB_ES3_compatibility GL_ARB_ES3_1_compatibility GL_ARB_ES3_2_compatibility GL_ARB_explicit_attrib_location GL_ARB_explicit_uniform_location GL_ARB_fragment_coord_conventions GL_ARB_fragment_layer_viewport GL_ARB_fragm
ent_program GL_ARB_fragment_program_shadow GL_ARB_fragment_shader GL_ARB_framebuffer_no_attachments GL_ARB_framebuffer_object GL_ARB_framebuffer_sRGB GL_ARB_geometry_shader4 GL_ARB_get_program_binary GL_ARB_get_texture_sub_image GL_ARB_gl_spirv GL_ARB_gpu_shader5 GL_ARB_gpu_shader_fp64 GL_ARB_gpu_shader_int64 GL_ARB_half_float_pixel GL_ARB_half_float_vertex GL_ARB_imaging GL_ARB_indirect_parameters GL_ARB_instanced_arrays GL_ARB_internalformat_query GL_ARB_internalformat_query2 GL_ARB_invalidate_subdata GL_ARB_map_buffer_alignment GL_ARB_map_buffer_range GL_ARB_multi_bind GL_ARB_multi_draw_indirect GL_ARB_multisample GL_ARB_multitexture GL_ARB_occlusion_query GL_ARB_occlusion_query2 GL_ARB_parallel_shader_compile GL_ARB_pipeline_statistics_query GL_ARB_pixel_buffer_object GL_ARB_point_parameters GL_ARB_point_sprite GL_ARB_polygon_offset_clamp GL_ARB_program_interface_query GL_ARB_provoking_vertex GL_ARB_query_buffer_object GL_ARB_robust_buffer_access_behavior GL_ARB_robustness GL_ARB_sample_shading GL_ARB_sa
mpler_objects GL_ARB_seamless_cube_map GL_ARB_seamless_cubemap_per_texture GL_ARB_separate_shader_objects GL_ARB_shader_atomic_counter_ops GL_ARB_shader_atomic_counters GL_ARB_shader_ballot GL_ARB_shader_bit_encoding GL_ARB_shader_clock GL_ARB_shader_draw_parameters GL_ARB_shader_group_vote GL_ARB_shader_image_load_store GL_ARB_shader_image_size GL_ARB_shader_objects GL_ARB_shader_precision GL_ARB_shader_storage_buffer_object GL_ARB_shader_subroutine GL_ARB_shader_texture_image_samples GL_ARB_shader_texture_lod GL_ARB_shading_language_100 GL_ARB_shading_language_420pack GL_ARB_shading_language_include GL_ARB_shading_language_packing GL_ARB_shadow GL_ARB_sparse_buffer GL_ARB_sparse_texture GL_ARB_spirv_extensions GL_ARB_stencil_texturing GL_ARB_sync GL_ARB_tessellation_shader GL_ARB_texture_barrier GL_ARB_texture_border_clamp GL_ARB_texture_buffer_object GL_ARB_texture_buffer_object_rgb32 GL_ARB_texture_buffer_range GL_ARB_texture_compression GL_ARB_texture_compression_bptc GL_ARB_texture_compression_rgtc GL_
ARB_texture_cube_map GL_ARB_texture_cube_map_array GL_ARB_texture_env_add GL_ARB_texture_env_combine GL_ARB_texture_env_crossbar GL_ARB_texture_env_dot3 GL_ARB_texture_filter_anisotropic GL_ARB_texture_float GL_ARB_texture_gather GL_ARB_texture_mirror_clamp_to_edge GL_ARB_texture_mirrored_repeat GL_ARB_texture_multisample GL_ARB_texture_non_power_of_two GL_ARB_texture_query_levels GL_ARB_texture_query_lod GL_ARB_texture_rectangle GL_ARB_texture_rg GL_ARB_texture_rgb10_a2ui GL_ARB_texture_stencil8 GL_ARB_texture_storage GL_ARB_texture_storage_multisample GL_ARB_texture_swizzle GL_ARB_texture_view GL_ARB_timer_query GL_ARB_transform_feedback2 GL_ARB_transform_feedback3 GL_ARB_transform_feedback_instanced GL_ARB_transform_feedback_overflow_query GL_ARB_transpose_matrix GL_ARB_uniform_buffer_object GL_ARB_vertex_array_bgra GL_ARB_vertex_array_object GL_ARB_vertex_attrib_64bit GL_ARB_vertex_attrib_binding GL_ARB_vertex_buffer_object GL_ARB_vertex_program GL_ARB_vertex_shader GL_ARB_vertex_type_10f_11f_11f_rev GL_
ARB_vertex_type_2_10_10_10_rev GL_ARB_viewport_array GL_ARB_window_pos GL_ATI_draw_buffers GL_ATI_texture_float GL_ATI_texture_mirror_once GL_S3_s3tc GL_EXT_texture_env_add GL_EXT_abgr GL_EXT_bgra GL_EXT_bindable_uniform GL_EXT_blend_color GL_EXT_blend_equation_separate GL_EXT_blend_func_separate GL_EXT_blend_minmax GL_EXT_blend_subtract GL_EXT_compiled_vertex_array GL_EXT_Cg_shader GL_EXT_depth_bounds_test GL_EXT_direct_state_access GL_EXT_draw_buffers2 GL_EXT_draw_instanced GL_EXT_draw_range_elements GL_EXT_fog_coord GL_EXT_framebuffer_blit GL_EXT_framebuffer_multisample GL_EXTX_framebuffer_mixed_formats GL_EXT_framebuffer_multisample_blit_scaled GL_EXT_framebuffer_object GL_EXT_framebuffer_sRGB GL_EXT_geometry_shader4 GL_EXT_gpu_program_parameters GL_EXT_gpu_shader4 GL_EXT_multi_draw_arrays GL_EXT_multiview_texture_multisample GL_EXT_multiview_timer_query GL_EXT_packed_depth_stencil GL_EXT_packed_float GL_EXT_packed_pixels GL_EXT_pixel_buffer_object GL_EXT_point_parameters GL_EXT_polygon_offset_clamp GL_E
XT_provoking_vertex GL_EXT_rescale_normal GL_EXT_secondary_color GL_EXT_separate_shader_objects GL_EXT_separate_specular_color GL_EXT_shader_image_load_store GL_EXT_shader_integer_mix GL_EXT_shadow_funcs GL_EXT_stencil_two_side GL_EXT_stencil_wrap GL_EXT_texture3D GL_EXT_texture_array GL_EXT_texture_buffer_object GL_EXT_texture_compression_dxt1 GL_EXT_texture_compression_latc GL_EXT_texture_compression_rgtc GL_EXT_texture_compression_s3tc GL_EXT_texture_cube_map GL_EXT_texture_edge_clamp GL_EXT_texture_env_combine GL_EXT_texture_env_dot3 GL_EXT_texture_filter_anisotropic GL_EXT_texture_integer GL_EXT_texture_lod GL_EXT_texture_lod_bias GL_EXT_texture_mirror_clamp GL_EXT_texture_object GL_EXT_texture_shadow_lod GL_EXT_texture_shared_exponent GL_EXT_texture_sRGB GL_EXT_texture_sRGB_R8 GL_EXT_texture_sRGB_decode GL_EXT_texture_storage GL_EXT_texture_swizzle GL_EXT_timer_query GL_EXT_transform_feedback2 GL_EXT_vertex_array GL_EXT_vertex_array_bgra GL_EXT_vertex_attrib_64bit GL_EXT_window_rectangles GL_EXT_x11_sy
nc_object GL_EXT_import_sync_object GL_NV_robustness_video_memory_purge GL_IBM_rasterpos_clip GL_IBM_texture_mirrored_repeat GL_KHR_context_flush_control GL_KHR_debug GL_EXT_memory_object GL_EXT_memory_object_fd GL_KHR_parallel_shader_compile GL_KHR_no_error GL_KHR_robust_buffer_access_behavior GL_KHR_robustness GL_EXT_semaphore GL_EXT_semaphore_fd GL_NV_timeline_semaphore GL_KHR_shader_subgroup GL_KTX_buffer_region GL_NV_alpha_to_coverage_dither_control GL_NV_bindless_multi_draw_indirect GL_NV_bindless_multi_draw_indirect_count GL_NV_bindless_texture GL_NV_blend_equation_advanced GL_NV_blend_square GL_NV_command_list GL_NV_compute_program5 GL_NV_conditional_render GL_NV_copy_depth_to_color GL_NV_copy_image GL_NV_depth_buffer_float GL_NV_depth_clamp GL_NV_draw_texture GL_NV_draw_vulkan_image GL_NV_ES1_1_compatibility GL_NV_ES3_1_compatibility GL_NV_explicit_multisample GL_NV_feature_query GL_NV_fence GL_NV_float_buffer GL_NV_fog_distance GL_NV_fragment_program GL_NV_fragment_program_option GL_NV_fragment_pro
gram2 GL_NV_framebuffer_multisample_coverage GL_NV_geometry_shader4 GL_NV_gpu_program4 GL_NV_internalformat_sample_query GL_NV_gpu_program4_1 GL_NV_gpu_program5 GL_NV_gpu_program5_mem_extended GL_NV_gpu_program_fp64 GL_NV_gpu_shader5 GL_NV_half_float GL_NV_light_max_exponent GL_NV_multisample_coverage GL_NV_multisample_filter_hint GL_NV_occlusion_query GL_NV_packed_depth_stencil GL_NV_parameter_buffer_object GL_NV_parameter_buffer_object2 GL_NV_path_rendering GL_NV_pixel_data_range GL_NV_point_sprite GL_NV_primitive_restart GL_NV_query_resource GL_NV_query_resource_tag GL_NV_register_combiners GL_NV_register_combiners2 GL_NV_shader_atomic_counters GL_NV_shader_atomic_float GL_NV_shader_buffer_load GL_NV_shader_storage_buffer_object GL_NV_shader_subgroup_partitioned GL_NV_texgen_reflection GL_NV_texture_barrier GL_NV_texture_compression_vtc GL_NV_texture_env_combine4 GL_NV_texture_multisample GL_NV_texture_rectangle GL_NV_texture_rectangle_compressed GL_NV_texture_shader GL_NV_texture_shader2 GL_NV_texture_sh
ader3 GL_NV_transform_feedback GL_NV_transform_feedback2 GL_NV_uniform_buffer_unified_memory GL_NV_vdpau_interop GL_NV_vdpau_interop2 GL_NV_vertex_array_range GL_NV_vertex_array_range2 GL_NV_vertex_attrib_integer_64bit GL_NV_vertex_buffer_unified_memory GL_NV_vertex_program GL_NV_vertex_program1_1 GL_NV_vertex_program2 GL_NV_vertex_program2_option GL_NV_vertex_program3 GL_NVX_conditional_render GL_NV_gpu_multicast GL_NVX_progress_fence GL_NVX_gpu_memory_info GL_NVX_nvenc_interop GL_NV_shader_thread_group GL_NV_shader_thread_shuffle GL_KHR_blend_equation_advanced GL_OVR_multiview GL_OVR_multiview2 GL_SGIS_generate_mipmap GL_SGIS_texture_lod GL_SGIX_depth_texture GL_SGIX_shadow GL_SUN_slice_accum
OPENGL LOG: Creating OpenGL 4.5 graphics device ; Context level  <OpenGL 4.5> ; Context handle -1446065176
Initialize mono
Mono path[0] = '/home/main/Unity/2020.3.11f1/Editor/Data/Managed'
Mono path[1] = '/home/main/Unity/2020.3.11f1/Editor/Data/MonoBleedingEdge/lib/mono/unityjit'
Mono config path = '/home/main/Unity/2020.3.11f1/Editor/Data/MonoBleedingEdge/etc'
Using monoOptions --debugger-agent=transport=dt_socket,embedding=1,server=y,suspend=n,address=127.0.0.1:56528
Begin MonoManager ReloadAssembly
Registering precompiled unity dll's ...
Register platform support module: /home/main/Unity/2020.3.11f1/Editor/Data/PlaybackEngines/LinuxStandaloneSupport/UnityEditor.LinuxStandalone.Extensions.dll
Registered in 0.001111 seconds.
Native extension for LinuxStandalone target not found
Refreshing native plugins compatible for Editor in 33.02 ms, found 0 plugins.
Preloading 0 native plugins for Editor in 0.00 ms.
Mono: successfully reloaded assembly
- Completed reload, in  0.892 seconds
Platform modules already initialized, skipping
Registering precompiled user dll's ...
Registered in 0.002662 seconds.
Begin MonoManager ReloadAssembly
Native extension for LinuxStandalone target not found
Refreshing native plugins compatible for Editor in 29.20 ms, found 0 plugins.
Preloading 0 native plugins for Editor in 0.00 ms.
Mono: successfully reloaded assembly
- Completed reload, in  1.059 seconds
Platform modules already initialized, skipping
========================================================================
Worker process is ready to serve import requests
Launched and connected shader compiler UnityShaderCompiler after 0.01 seconds
Refreshing native plugins compatible for Editor in 0.42 ms, found 0 plugins.
Preloading 0 native plugins for Editor in 0.00 ms.
Unloading 1686 Unused Serialized files (Serialized files now loaded: 0)
System memory in use before: 70.4 MB.
System memory in use after: 70.4 MB.

Unloading 21 unused Assets to reduce memory usage. Loaded Objects now: 2121.
Total: 4.027108 ms (FindLiveObjects: 0.239800 ms CreateObjectMapping: 0.177901 ms MarkObjects: 3.354194 ms  DeleteObjects: 0.253704 ms)

========================================================================
Received Import Request.
  path: Assets/Prototyping/MazeCell.prefab
  artifactKey: Guid(749b26e20b5ee7679b32ec872a53c88e) Importer(815301076,1909f56bfc062723c751e8b465ee728b)
Start importing Assets/Prototyping/MazeCell.prefab using Guid(749b26e20b5ee7679b32ec872a53c88e) Importer(815301076,1909f56bfc062723c751e8b465ee728b)  -> (artifact id: '9552bfa7af5657ccb7cd76392d581950') in 0.159429 seconds
  Import took 0.163574 seconds .

========================================================================
Received Import Request.
  Time since last request: 21.100655 seconds.
  path: Assets/Prototyping/MazeGenerator.cs
  artifactKey: Guid(481234afe0122b488ada9e77172339eb) Importer(815301076,1909f56bfc062723c751e8b465ee728b)
Start importing Assets/Prototyping/MazeGenerator.cs using Guid(481234afe0122b488ada9e77172339eb) Importer(815301076,1909f56bfc062723c751e8b465ee728b)  -> (artifact id: 'b92fcc3c539bb192f5bd917b84fe0830') in 0.000633 seconds
  Import took 0.003613 seconds .

========================================================================
Received Import Request.
  Time since last request: 0.001892 seconds.
  path: Assets/Prototyping/MazeGenerator.cs
  artifactKey: Guid(481234afe0122b488ada9e77172339eb) Importer(815301076,1909f56bfc062723c751e8b465ee728b)
Start importing Assets/Prototyping/MazeGenerator.cs using Guid(481234afe0122b488ada9e77172339eb) Importer(815301076,1909f56bfc062723c751e8b465ee728b)  -> (artifact id: 'b92fcc3c539bb192f5bd917b84fe0830') in 0.000534 seconds
  Import took 0.002879 seconds .

========================================================================
Received Prepare
Registering precompiled user dll's ...
Registered in 0.002437 seconds.
Begin MonoManager ReloadAssembly
Native extension for LinuxStandalone target not found
Refreshing native plugins compatible for Editor in 0.35 ms, found 0 plugins.
Preloading 0 native plugins for Editor in 0.00 ms.
Mono: successfully reloaded assembly
- Completed reload, in  0.923 seconds
Platform modules already initialized, skipping
Refreshing native plugins compatible for Editor in 0.36 ms, found 0 plugins.
Preloading 0 native plugins for Editor in 0.00 ms.
Unloading 1681 Unused Serialized files (Serialized files now loaded: 0)
System memory in use before: 71.9 MB.
System memory in use after: 71.9 MB.

Unloading 15 unused Assets to reduce memory usage. Loaded Objects now: 2132.
Total: 2.970709 ms (FindLiveObjects: 0.261779 ms CreateObjectMapping: 0.053538 ms MarkObjects: 2.549130 ms  DeleteObjects: 0.105262 ms)

========================================================================
Received Import Request.
  Time since last request: 9867.241301 seconds.
  path: Assets/Prototyping/MazeGenerator.cs
  artifactKey: Guid(481234afe0122b488ada9e77172339eb) Importer(815301076,1909f56bfc062723c751e8b465ee728b)
Start importing Assets/Prototyping/MazeGenerator.cs using Guid(481234afe0122b488ada9e77172339eb) Importer(815301076,1909f56bfc062723c751e8b465ee728b)  -> (artifact id: 'a902dc4043b3205dd6f8f1210b2016d9') in 0.003458 seconds
  Import took 0.006740 seconds .

========================================================================
Received Import Request.
  Time since last request: 244.269280 seconds.
  path: Assets/Prototyping/MazeGenerator.cs
  artifactKey: Guid(481234afe0122b488ada9e77172339eb) Importer(815301076,1909f56bfc062723c751e8b465ee728b)
Start importing Assets/Prototyping/MazeGenerator.cs using Guid(481234afe0122b488ada9e77172339eb) Importer(815301076,1909f56bfc062723c751e8b465ee728b)  -> (artifact id: '2a1e8a4945c1d953c3ae5a772bad5fac') in 0.000928 seconds
  Import took 0.005508 seconds .

========================================================================
Received Import Request.
  Time since last request: 39.578414 seconds.
  path: Assets/Prototyping/MazeGenerator.cs
  artifactKey: Guid(481234afe0122b488ada9e77172339eb) Importer(815301076,1909f56bfc062723c751e8b465ee728b)
Start importing Assets/Prototyping/MazeGenerator.cs using Guid(481234afe0122b488ada9e77172339eb) Importer(815301076,1909f56bfc062723c751e8b465ee728b)  -> (artifact id: 'd3caa7b3f1987338152c91e0543bf884') in 0.000743 seconds
  Import took 0.004074 seconds .

========================================================================
Received Import Request.
  Time since last request: 58.438359 seconds.
  path: Assets/Prototyping/MazeGenerator.cs
  artifactKey: Guid(481234afe0122b488ada9e77172339eb) Importer(815301076,1909f56bfc062723c751e8b465ee728b)
Start importing Assets/Prototyping/MazeGenerator.cs using Guid(481234afe0122b488ada9e77172339eb) Importer(815301076,1909f56bfc062723c751e8b465ee728b)  -> (artifact id: '08413ea8821bf5578ff7b3309d534970') in 0.000626 seconds
  Import took 0.003884 seconds .

========================================================================
Received Prepare
Registering precompiled user dll's ...
Registered in 0.004121 seconds.
Begin MonoManager ReloadAssembly
Native extension for LinuxStandalone target not found
Refreshing native plugins compatible for Editor in 0.36 ms, found 0 plugins.
Preloading 0 native plugins for Editor in 0.00 ms.
Mono: successfully reloaded assembly
- Completed reload, in  0.935 seconds
Platform modules already initialized, skipping
Refreshing native plugins compatible for Editor in 0.33 ms, found 0 plugins.
Preloading 0 native plugins for Editor in 0.00 ms.
Unloading 1681 Unused Serialized files (Serialized files now loaded: 0)
System memory in use before: 71.9 MB.
System memory in use after: 71.9 MB.

Unloading 14 unused Assets to reduce memory usage. Loaded Objects now: 2135.
Total: 3.137751 ms (FindLiveObjects: 0.205241 ms CreateObjectMapping: 0.054366 ms MarkObjects: 2.775585 ms  DeleteObjects: 0.101378 ms)

========================================================================
Received Import Request.
  Time since last request: 12.356668 seconds.
  path: Assets/Prototyping/MazeGenerator.cs
  artifactKey: Guid(481234afe0122b488ada9e77172339eb) Importer(815301076,1909f56bfc062723c751e8b465ee728b)
Start importing Assets/Prototyping/MazeGenerator.cs using Guid(481234afe0122b488ada9e77172339eb) Importer(815301076,1909f56bfc062723c751e8b465ee728b)  -> (artifact id: 'be17895ffdb542ce09e7caf6c74a3c3b') in 0.003739 seconds
  Import took 0.007094 seconds .

========================================================================
Received Prepare
Registering precompiled user dll's ...
Registered in 0.002355 seconds.
Begin MonoManager ReloadAssembly
Native extension for LinuxStandalone target not found
Refreshing native plugins compatible for Editor in 0.46 ms, found 0 plugins.
Preloading 0 native plugins for Editor in 0.00 ms.
Mono: successfully reloaded assembly
- Completed reload, in  0.950 seconds
Platform modules already initialized, skipping
Refreshing native plugins compatible for Editor in 0.60 ms, found 0 plugins.
Preloading 0 native plugins for Editor in 0.00 ms.
Unloading 1681 Unused Serialized files (Serialized files now loaded: 0)
System memory in use before: 71.9 MB.
System memory in use after: 72.0 MB.

Unloading 14 unused Assets to reduce memory usage. Loaded Objects now: 2138.
Total: 2.964525 ms (FindLiveObjects: 0.246156 ms CreateObjectMapping: 0.073665 ms MarkObjects: 2.541594 ms  DeleteObjects: 0.101992 ms)

========================================================================
Received Prepare
Registering precompiled user dll's ...
Registered in 0.002585 seconds.
Begin MonoManager ReloadAssembly
Native extension for LinuxStandalone target not found
Refreshing native plugins compatible for Editor in 0.35 ms, found 0 plugins.
Preloading 0 native plugins for Editor in 0.00 ms.
Mono: successfully reloaded assembly
- Completed reload, in  0.995 seconds
Platform modules already initialized, skipping
Refreshing native plugins compatible for Editor in 0.40 ms, found 0 plugins.
Preloading 0 native plugins for Editor in 0.00 ms.
Unloading 1681 Unused Serialized files (Serialized files now loaded: 0)
System memory in use before: 71.9 MB.
System memory in use after: 72.0 MB.

Unloading 14 unused Assets to reduce memory usage. Loaded Objects now: 2141.
Total: 3.000741 ms (FindLiveObjects: 0.230005 ms CreateObjectMapping: 0.054808 ms MarkObjects: 2.609030 ms  DeleteObjects: 0.105786 ms)

========================================================================
Received Prepare
Registering precompiled user dll's ...
Registered in 0.002353 seconds.
Begin MonoManager ReloadAssembly
Native extension for LinuxStandalone target not found
Refreshing native plugins compatible for Editor in 0.35 ms, found 0 plugins.
Preloading 0 native plugins for Editor in 0.00 ms.
Mono: successfully reloaded assembly
- Completed reload, in  0.969 seconds
Platform modules already initialized, skipping
Refreshing native plugins compatible for Editor in 0.33 ms, found 0 plugins.
Preloading 0 native plugins for Editor in 0.00 ms.
Unloading 1681 Unused Serialized files (Serialized files now loaded: 0)
System memory in use before: 71.9 MB.
System memory in use after: 72.0 MB.

Unloading 14 unused Assets to reduce memory usage. Loaded Objects now: 2144.
Total: 3.826100 ms (FindLiveObjects: 0.247327 ms CreateObjectMapping: 0.083581 ms MarkObjects: 3.377648 ms  DeleteObjects: 0.115745 ms)

========================================================================
Received Import Request.
  Time since last request: 389.719544 seconds.
  path: Assets/Prototyping/MazeCell.prefab
  artifactKey: Guid(749b26e20b5ee7679b32ec872a53c88e) Importer(815301076,1909f56bfc062723c751e8b465ee728b)
Start importing Assets/Prototyping/MazeCell.prefab using Guid(749b26e20b5ee7679b32ec872a53c88e) Importer(815301076,1909f56bfc062723c751e8b465ee728b)  -> (artifact id: '2367c388a98e7cdc26018b4d65b83052') in 0.054340 seconds
  Import took 0.058002 seconds .

========================================================================
Received Import Request.
  Time since last request: 195.328838 seconds.
  path: Assets/Prototyping/MazeCell.prefab
  artifactKey: Guid(749b26e20b5ee7679b32ec872a53c88e) Importer(815301076,1909f56bfc062723c751e8b465ee728b)
Start importing Assets/Prototyping/MazeCell.prefab using Guid(749b26e20b5ee7679b32ec872a53c88e) Importer(815301076,1909f56bfc062723c751e8b465ee728b)  -> (artifact id: 'c4fa68313f823fd8665cf69a9ba5f367') in 0.007601 seconds
  Import took 0.011429 seconds .

========================================================================
Received Import Request.
  Time since last request: 39.476890 seconds.
  path: Assets/Prototyping/MazeCell.prefab
  artifactKey: Guid(749b26e20b5ee7679b32ec872a53c88e) Importer(815301076,1909f56bfc062723c751e8b465ee728b)
Start importing Assets/Prototyping/MazeCell.prefab using Guid(749b26e20b5ee7679b32ec872a53c88e) Importer(815301076,1909f56bfc062723c751e8b465ee728b)  -> (artifact id: 'd0975b51029df430a2e3dd25edcfb694') in 0.007373 seconds
  Import took 0.011928 seconds .

========================================================================
Received Import Request.
  Time since last request: 6.263387 seconds.
  path: Assets/Prototyping/MazeCell.prefab
  artifactKey: Guid(749b26e20b5ee7679b32ec872a53c88e) Importer(815301076,1909f56bfc062723c751e8b465ee728b)
Start importing Assets/Prototyping/MazeCell.prefab using Guid(749b26e20b5ee7679b32ec872a53c88e) Importer(815301076,1909f56bfc062723c751e8b465ee728b)  -> (artifact id: '8f934b431194778f466e3c4232782700') in 0.007863 seconds
  Import took 0.012489 seconds .

========================================================================
Received Import Request.
  Time since last request: 3.430916 seconds.
  path: Assets/Prototyping/MazeCell.prefab
  artifactKey: Guid(749b26e20b5ee7679b32ec872a53c88e) Importer(815301076,1909f56bfc062723c751e8b465ee728b)
Start importing Assets/Prototyping/MazeCell.prefab using Guid(749b26e20b5ee7679b32ec872a53c88e) Importer(815301076,1909f56bfc062723c751e8b465ee728b)  -> (artifact id: '352030db2dc1c3ca39c0db07a503f5ae') in 0.007317 seconds
  Import took 0.010987 seconds .

========================================================================
Received Import Request.
  Time since last request: 11.540202 seconds.
  path: Assets/Prototyping/MazeCell.prefab
  artifactKey: Guid(749b26e20b5ee7679b32ec872a53c88e) Importer(815301076,1909f56bfc062723c751e8b465ee728b)
Start importing Assets/Prototyping/MazeCell.prefab using Guid(749b26e20b5ee7679b32ec872a53c88e) Importer(815301076,1909f56bfc062723c751e8b465ee728b)  -> (artifact id: '35ad5f0409af6535226e0089af46f611') in 0.006022 seconds
  Import took 0.009800 seconds .

========================================================================
Received Import Request.
  Time since last request: 14.408837 seconds.
  path: Assets/Prototyping/MazeCell.prefab
  artifactKey: Guid(749b26e20b5ee7679b32ec872a53c88e) Importer(815301076,1909f56bfc062723c751e8b465ee728b)
Start importing Assets/Prototyping/MazeCell.prefab using Guid(749b26e20b5ee7679b32ec872a53c88e) Importer(815301076,1909f56bfc062723c751e8b465ee728b)  -> (artifact id: 'd9c1fd9f132115834533f1b7f7a14143') in 0.010182 seconds
  Import took 0.014250 seconds .

========================================================================
Received Import Request.
  Time since last request: 6.283783 seconds.
  path: Assets/Prototyping/MazeCell.prefab
  artifactKey: Guid(749b26e20b5ee7679b32ec872a53c88e) Importer(815301076,1909f56bfc062723c751e8b465ee728b)
Start importing Assets/Prototyping/MazeCell.prefab using Guid(749b26e20b5ee7679b32ec872a53c88e) Importer(815301076,1909f56bfc062723c751e8b465ee728b)  -> (artifact id: 'ca20ebe3e1a85dc24bb5305f738b8916') in 0.006793 seconds
  Import took 0.010831 seconds .

========================================================================
Received Import Request.
  Time since last request: 18.159971 seconds.
  path: Assets/Prototyping/MazeCell.prefab
  artifactKey: Guid(749b26e20b5ee7679b32ec872a53c88e) Importer(815301076,1909f56bfc062723c751e8b465ee728b)
Start importing Assets/Prototyping/MazeCell.prefab using Guid(749b26e20b5ee7679b32ec872a53c88e) Importer(815301076,1909f56bfc062723c751e8b465ee728b)  -> (artifact id: '8176dd3147bb76629f74d6ebda8befb1') in 0.008512 seconds
  Import took 0.013957 seconds .

========================================================================
Received Import Request.
  Time since last request: 2.392661 seconds.
  path: Assets/Prototyping/MazeCell.prefab
  artifactKey: Guid(749b26e20b5ee7679b32ec872a53c88e) Importer(815301076,1909f56bfc062723c751e8b465ee728b)
Start importing Assets/Prototyping/MazeCell.prefab using Guid(749b26e20b5ee7679b32ec872a53c88e) Importer(815301076,1909f56bfc062723c751e8b465ee728b)  -> (artifact id: '6c58da19a0735278b7ecbf3ca1da5ac3') in 0.006897 seconds
  Import took 0.011434 seconds .

========================================================================
Received Prepare
Registering precompiled user dll's ...
Registered in 0.002590 seconds.
Begin MonoManager ReloadAssembly
Native extension for LinuxStandalone target not found
Refreshing native plugins compatible for Editor in 0.35 ms, found 0 plugins.
Preloading 0 native plugins for Editor in 0.00 ms.
Mono: successfully reloaded assembly
- Completed reload, in  0.934 seconds
Platform modules already initialized, skipping
Refreshing native plugins compatible for Editor in 0.33 ms, found 0 plugins.
Preloading 0 native plugins for Editor in 0.00 ms.
Unloading 1681 Unused Serialized files (Serialized files now loaded: 0)
System memory in use before: 72.0 MB.
System memory in use after: 72.0 MB.

Unloading 15 unused Assets to reduce memory usage. Loaded Objects now: 2149.
Total: 4.203728 ms (FindLiveObjects: 0.283495 ms CreateObjectMapping: 0.139064 ms MarkObjects: 3.641734 ms  DeleteObjects: 0.137784 ms)

========================================================================
Received Import Request.
  Time since last request: 215.707856 seconds.
  path: Assets/Prototyping/DebugSpecialCell.prefab
  artifactKey: Guid(ed445e9bb26e736f9b259f7bdeb182a6) Importer(815301076,1909f56bfc062723c751e8b465ee728b)
Start importing Assets/Prototyping/DebugSpecialCell.prefab using Guid(ed445e9bb26e736f9b259f7bdeb182a6) Importer(815301076,1909f56bfc062723c751e8b465ee728b)  -> (artifact id: '96eee6471ec93f68352d7791a2230dfe') in 0.061329 seconds
  Import took 0.064904 seconds .

========================================================================
Received Import Request.
  Time since last request: 0.000983 seconds.
  path: Assets/Prototyping/DebugSpecialCell.prefab
  artifactKey: Guid(ed445e9bb26e736f9b259f7bdeb182a6) Importer(815301076,1909f56bfc062723c751e8b465ee728b)
Start importing Assets/Prototyping/DebugSpecialCell.prefab using Guid(ed445e9bb26e736f9b259f7bdeb182a6) Importer(815301076,1909f56bfc062723c751e8b465ee728b)  -> (artifact id: '96eee6471ec93f68352d7791a2230dfe') in 0.005409 seconds
  Import took 0.008824 seconds .

========================================================================
Received Import Request.
  Time since last request: 556.282772 seconds.
  path: Assets/Prototyping/MazeCellReplacer.cs
  artifactKey: Guid(2764e078412da9706ac73aade6863f23) Importer(815301076,1909f56bfc062723c751e8b465ee728b)
Start importing Assets/Prototyping/MazeCellReplacer.cs using Guid(2764e078412da9706ac73aade6863f23) Importer(815301076,1909f56bfc062723c751e8b465ee728b)  -> (artifact id: '3ee056d390ca0dcddc80fa195ca907f3') in 0.002454 seconds
  Import took 0.007879 seconds .

========================================================================
Received Prepare
Registering precompiled user dll's ...
Registered in 0.002805 seconds.
Begin MonoManager ReloadAssembly
Native extension for LinuxStandalone target not found
Refreshing native plugins compatible for Editor in 0.38 ms, found 0 plugins.
Preloading 0 native plugins for Editor in 0.00 ms.
Mono: successfully reloaded assembly
- Completed reload, in  1.237 seconds
Platform modules already initialized, skipping
Refreshing native plugins compatible for Editor in 0.39 ms, found 0 plugins.
Preloading 0 native plugins for Editor in 0.00 ms.
Unloading 1682 Unused Serialized files (Serialized files now loaded: 0)
System memory in use before: 72.0 MB.
System memory in use after: 72.1 MB.

Unloading 14 unused Assets to reduce memory usage. Loaded Objects now: 2154.
Total: 4.928361 ms (FindLiveObjects: 0.432755 ms CreateObjectMapping: 0.148798 ms MarkObjects: 4.207953 ms  DeleteObjects: 0.136554 ms)

========================================================================
Received Prepare
Registering precompiled user dll's ...
Registered in 0.004309 seconds.
Begin MonoManager ReloadAssembly
Native extension for LinuxStandalone target not found
Refreshing native plugins compatible for Editor in 0.50 ms, found 0 plugins.
Preloading 0 native plugins for Editor in 0.00 ms.
Mono: successfully reloaded assembly
- Completed reload, in  1.237 seconds
Platform modules already initialized, skipping
Refreshing native plugins compatible for Editor in 0.37 ms, found 0 plugins.
Preloading 0 native plugins for Editor in 0.00 ms.
Unloading 1682 Unused Serialized files (Serialized files now loaded: 0)
System memory in use before: 72.0 MB.
System memory in use after: 72.1 MB.

Unloading 14 unused Assets to reduce memory usage. Loaded Objects now: 2157.
Total: 5.789196 ms (FindLiveObjects: 0.305539 ms CreateObjectMapping: 0.094813 ms MarkObjects: 5.252306 ms  DeleteObjects: 0.134355 ms)

========================================================================
Received Import Request.
  Time since last request: 186.853423 seconds.
  path: Assets/Prototyping/MazeCellReplacer.cs
  artifactKey: Guid(2764e078412da9706ac73aade6863f23) Importer(815301076,1909f56bfc062723c751e8b465ee728b)
Start importing Assets/Prototyping/MazeCellReplacer.cs using Guid(2764e078412da9706ac73aade6863f23) Importer(815301076,1909f56bfc062723c751e8b465ee728b)  -> (artifact id: 'f94963a22893f67f1d149bf391fbb459') in 0.004230 seconds
  Import took 0.008435 seconds .

========================================================================
Received Prepare
Registering precompiled user dll's ...
Registered in 0.002606 seconds.
Begin MonoManager ReloadAssembly
Native extension for LinuxStandalone target not found
Refreshing native plugins compatible for Editor in 0.39 ms, found 0 plugins.
Preloading 0 native plugins for Editor in 0.00 ms.
Mono: successfully reloaded assembly
- Completed reload, in  1.204 seconds
Platform modules already initialized, skipping
Refreshing native plugins compatible for Editor in 0.39 ms, found 0 plugins.
Preloading 0 native plugins for Editor in 0.00 ms.
Unloading 1682 Unused Serialized files (Serialized files now loaded: 0)
System memory in use before: 72.0 MB.
System memory in use after: 72.1 MB.

Unloading 14 unused Assets to reduce memory usage. Loaded Objects now: 2160.
Total: 5.072728 ms (FindLiveObjects: 0.334588 ms CreateObjectMapping: 0.093876 ms MarkObjects: 4.470346 ms  DeleteObjects: 0.171475 ms)

========================================================================
Received Prepare
Registering precompiled user dll's ...
Registered in 0.004011 seconds.
Begin MonoManager ReloadAssembly
Native extension for LinuxStandalone target not found
Refreshing native plugins compatible for Editor in 0.42 ms, found 0 plugins.
Preloading 0 native plugins for Editor in 0.00 ms.
Mono: successfully reloaded assembly
- Completed reload, in  1.163 seconds
Platform modules already initialized, skipping
Refreshing native plugins compatible for Editor in 0.63 ms, found 0 plugins.
Preloading 0 native plugins for Editor in 0.00 ms.
Unloading 1682 Unused Serialized files (Serialized files now loaded: 0)
System memory in use before: 72.0 MB.
System memory in use after: 72.1 MB.

Unloading 14 unused Assets to reduce memory usage. Loaded Objects now: 2163.
Total: 4.492600 ms (FindLiveObjects: 0.404017 ms CreateObjectMapping: 0.117035 ms MarkObjects: 3.781205 ms  DeleteObjects: 0.188431 ms)

========================================================================
Received Prepare
Registering precompiled user dll's ...
Registered in 0.002811 seconds.
Begin MonoManager ReloadAssembly
Native extension for LinuxStandalone target not found
Refreshing native plugins compatible for Editor in 0.40 ms, found 0 plugins.
Preloading 0 native plugins for Editor in 0.00 ms.
Mono: successfully reloaded assembly
- Completed reload, in  1.148 seconds
Platform modules already initialized, skipping
Refreshing native plugins compatible for Editor in 0.40 ms, found 0 plugins.
Preloading 0 native plugins for Editor in 0.00 ms.
Unloading 1682 Unused Serialized files (Serialized files now loaded: 0)
System memory in use before: 72.0 MB.
System memory in use after: 72.1 MB.

Unloading 14 unused Assets to reduce memory usage. Loaded Objects now: 2166.
Total: 5.343510 ms (FindLiveObjects: 0.297326 ms CreateObjectMapping: 0.191758 ms MarkObjects: 4.712904 ms  DeleteObjects: 0.128860 ms)

========================================================================
Received Prepare
Registering precompiled user dll's ...
Registered in 0.003157 seconds.
Begin MonoManager ReloadAssembly
Native extension for LinuxStandalone target not found
Refreshing native plugins compatible for Editor in 0.47 ms, found 0 plugins.
Preloading 0 native plugins for Editor in 0.00 ms.
Mono: successfully reloaded assembly
- Completed reload, in  1.282 seconds
Platform modules already initialized, skipping
Refreshing native plugins compatible for Editor in 0.47 ms, found 0 plugins.
Preloading 0 native plugins for Editor in 0.00 ms.
Unloading 1682 Unused Serialized files (Serialized files now loaded: 0)
System memory in use before: 72.0 MB.
System memory in use after: 72.1 MB.

Unloading 14 unused Assets to reduce memory usage. Loaded Objects now: 2169.
Total: 4.244064 ms (FindLiveObjects: 0.407767 ms CreateObjectMapping: 0.181233 ms MarkObjects: 3.533555 ms  DeleteObjects: 0.119783 ms)

========================================================================
Received Prepare
Registering precompiled user dll's ...
Registered in 0.002558 seconds.
Begin MonoManager ReloadAssembly
Native extension for LinuxStandalone target not found
Refreshing native plugins compatible for Editor in 0.38 ms, found 0 plugins.
Preloading 0 native plugins for Editor in 0.00 ms.
Mono: successfully reloaded assembly
- Completed reload, in  1.243 seconds
Platform modules already initialized, skipping
Refreshing native plugins compatible for Editor in 0.38 ms, found 0 plugins.
Preloading 0 native plugins for Editor in 0.00 ms.
Unloading 1682 Unused Serialized files (Serialized files now loaded: 0)
System memory in use before: 72.1 MB.
System memory in use after: 72.1 MB.

Unloading 14 unused Assets to reduce memory usage. Loaded Objects now: 2172.
Total: 4.845075 ms (FindLiveObjects: 0.285129 ms CreateObjectMapping: 0.180254 ms MarkObjects: 4.269000 ms  DeleteObjects: 0.108874 ms)

========================================================================
Received Prepare
Registering precompiled user dll's ...
Registered in 0.002597 seconds.
Begin MonoManager ReloadAssembly
Native extension for LinuxStandalone target not found
Refreshing native plugins compatible for Editor in 0.46 ms, found 0 plugins.
Preloading 0 native plugins for Editor in 0.00 ms.
Mono: successfully reloaded assembly
- Completed reload, in  1.157 seconds
Platform modules already initialized, skipping
Refreshing native plugins compatible for Editor in 0.42 ms, found 0 plugins.
Preloading 0 native plugins for Editor in 0.00 ms.
Unloading 1682 Unused Serialized files (Serialized files now loaded: 0)
System memory in use before: 72.1 MB.
System memory in use after: 72.1 MB.

Unloading 14 unused Assets to reduce memory usage. Loaded Objects now: 2175.
Total: 4.655936 ms (FindLiveObjects: 0.295371 ms CreateObjectMapping: 0.113317 ms MarkObjects: 4.116907 ms  DeleteObjects: 0.128508 ms)

========================================================================
Received Prepare
Registering precompiled user dll's ...
Registered in 0.002629 seconds.
Begin MonoManager ReloadAssembly
Native extension for LinuxStandalone target not found
Refreshing native plugins compatible for Editor in 0.36 ms, found 0 plugins.
Preloading 0 native plugins for Editor in 0.00 ms.
Mono: successfully reloaded assembly
- Completed reload, in  1.128 seconds
Platform modules already initialized, skipping
Refreshing native plugins compatible for Editor in 0.41 ms, found 0 plugins.
Preloading 0 native plugins for Editor in 0.00 ms.
Unloading 1682 Unused Serialized files (Serialized files now loaded: 0)
System memory in use before: 72.1 MB.
System memory in use after: 72.1 MB.

Unloading 14 unused Assets to reduce memory usage. Loaded Objects now: 2178.
Total: 3.842140 ms (FindLiveObjects: 0.223477 ms CreateObjectMapping: 0.081617 ms MarkObjects: 3.415049 ms  DeleteObjects: 0.119915 ms)

========================================================================
Received Prepare
Registering precompiled user dll's ...
Registered in 0.002536 seconds.
Begin MonoManager ReloadAssembly
Native extension for LinuxStandalone target not found
Refreshing native plugins compatible for Editor in 0.49 ms, found 0 plugins.
Preloading 0 native plugins for Editor in 0.00 ms.
Mono: successfully reloaded assembly
- Completed reload, in  1.149 seconds
Platform modules already initialized, skipping
Refreshing native plugins compatible for Editor in 0.36 ms, found 0 plugins.
Preloading 0 native plugins for Editor in 0.00 ms.
Unloading 1682 Unused Serialized files (Serialized files now loaded: 0)
System memory in use before: 72.1 MB.
System memory in use after: 72.1 MB.

Unloading 14 unused Assets to reduce memory usage. Loaded Objects now: 2181.
Total: 3.800222 ms (FindLiveObjects: 0.289500 ms CreateObjectMapping: 0.073987 ms MarkObjects: 3.321439 ms  DeleteObjects: 0.113500 ms)

========================================================================
Received Import Request.
  Time since last request: 1054.001250 seconds.
  path: Assets/Prototyping/MazeCellReplacer.cs
  artifactKey: Guid(2764e078412da9706ac73aade6863f23) Importer(815301076,1909f56bfc062723c751e8b465ee728b)
Start importing Assets/Prototyping/MazeCellReplacer.cs using Guid(2764e078412da9706ac73aade6863f23) Importer(815301076,1909f56bfc062723c751e8b465ee728b)  -> (artifact id: 'bea667fb19630c371da3c03de9eac0b7') in 0.003731 seconds
  Import took 0.007480 seconds .

========================================================================
Received Import Request.
  Time since last request: 0.032780 seconds.
  path: Assets/Prototyping/MazeCellReplacer.cs
  artifactKey: Guid(2764e078412da9706ac73aade6863f23) Importer(815301076,1909f56bfc062723c751e8b465ee728b)
Start importing Assets/Prototyping/MazeCellReplacer.cs using Guid(2764e078412da9706ac73aade6863f23) Importer(815301076,1909f56bfc062723c751e8b465ee728b)  -> (artifact id: 'bea667fb19630c371da3c03de9eac0b7') in 0.000750 seconds
  Import took 0.004106 seconds .

========================================================================
Received Import Request.
  Time since last request: 17.665922 seconds.
  path: Assets/Prototyping/DebugSpecialCell.prefab
  artifactKey: Guid(ed445e9bb26e736f9b259f7bdeb182a6) Importer(815301076,1909f56bfc062723c751e8b465ee728b)
Start importing Assets/Prototyping/DebugSpecialCell.prefab using Guid(ed445e9bb26e736f9b259f7bdeb182a6) Importer(815301076,1909f56bfc062723c751e8b465ee728b)  -> (artifact id: '6cbab6200794fb75b1f1cdb617f7d6aa') in 0.131851 seconds
  Import took 0.135887 seconds .

========================================================================
Received Prepare
Registering precompiled user dll's ...
Registered in 0.002462 seconds.
Begin MonoManager ReloadAssembly
Native extension for LinuxStandalone target not found
Refreshing native plugins compatible for Editor in 0.47 ms, found 0 plugins.
Preloading 0 native plugins for Editor in 0.00 ms.
Mono: successfully reloaded assembly
- Completed reload, in  1.199 seconds
Platform modules already initialized, skipping
Refreshing native plugins compatible for Editor in 0.64 ms, found 0 plugins.
Preloading 0 native plugins for Editor in 0.00 ms.
Unloading 1682 Unused Serialized files (Serialized files now loaded: 0)
System memory in use before: 72.1 MB.
System memory in use after: 72.1 MB.

Unloading 14 unused Assets to reduce memory usage. Loaded Objects now: 2185.
Total: 4.375622 ms (FindLiveObjects: 0.390208 ms CreateObjectMapping: 0.090622 ms MarkObjects: 3.769311 ms  DeleteObjects: 0.114235 ms)

========================================================================
Received Prepare
Registering precompiled user dll's ...
Registered in 0.004048 seconds.
Begin MonoManager ReloadAssembly
Native extension for LinuxStandalone target not found
Refreshing native plugins compatible for Editor in 0.74 ms, found 0 plugins.
Preloading 0 native plugins for Editor in 0.00 ms.
Mono: successfully reloaded assembly
- Completed reload, in  1.200 seconds
Platform modules already initialized, skipping
Refreshing native plugins compatible for Editor in 0.45 ms, found 0 plugins.
Preloading 0 native plugins for Editor in 0.00 ms.
Unloading 1682 Unused Serialized files (Serialized files now loaded: 0)
System memory in use before: 72.1 MB.
System memory in use after: 72.2 MB.

Unloading 14 unused Assets to reduce memory usage. Loaded Objects now: 2188.
Total: 3.489575 ms (FindLiveObjects: 0.218442 ms CreateObjectMapping: 0.059979 ms MarkObjects: 3.087225 ms  DeleteObjects: 0.122388 ms)

========================================================================
Received Prepare
Registering precompiled user dll's ...
Registered in 0.004134 seconds.
Begin MonoManager ReloadAssembly
Native extension for LinuxStandalone target not found
Refreshing native plugins compatible for Editor in 0.41 ms, found 0 plugins.
Preloading 0 native plugins for Editor in 0.00 ms.
Mono: successfully reloaded assembly
- Completed reload, in  1.143 seconds
Platform modules already initialized, skipping
Refreshing native plugins compatible for Editor in 0.36 ms, found 0 plugins.
Preloading 0 native plugins for Editor in 0.00 ms.
Unloading 1682 Unused Serialized files (Serialized files now loaded: 0)
System memory in use before: 72.1 MB.
System memory in use after: 72.2 MB.

Unloading 14 unused Assets to reduce memory usage. Loaded Objects now: 2191.
Total: 3.291322 ms (FindLiveObjects: 0.275705 ms CreateObjectMapping: 0.061334 ms MarkObjects: 2.831164 ms  DeleteObjects: 0.121996 ms)

========================================================================
Received Prepare
Registering precompiled user dll's ...
Registered in 0.003995 seconds.
Begin MonoManager ReloadAssembly
Native extension for LinuxStandalone target not found
Refreshing native plugins compatible for Editor in 0.50 ms, found 0 plugins.
Preloading 0 native plugins for Editor in 0.00 ms.
Mono: successfully reloaded assembly
- Completed reload, in  1.212 seconds
Platform modules already initialized, skipping
Refreshing native plugins compatible for Editor in 0.38 ms, found 0 plugins.
Preloading 0 native plugins for Editor in 0.00 ms.
Unloading 1682 Unused Serialized files (Serialized files now loaded: 0)
System memory in use before: 72.1 MB.
System memory in use after: 72.2 MB.

Unloading 14 unused Assets to reduce memory usage. Loaded Objects now: 2194.
Total: 4.296917 ms (FindLiveObjects: 0.341506 ms CreateObjectMapping: 0.084387 ms MarkObjects: 3.751148 ms  DeleteObjects: 0.118115 ms)

========================================================================
Received Import Request.
  Time since last request: 136.857449 seconds.
  path: Assets/Prototyping/MazeCell.prefab
  artifactKey: Guid(749b26e20b5ee7679b32ec872a53c88e) Importer(815301076,1909f56bfc062723c751e8b465ee728b)
Start importing Assets/Prototyping/MazeCell.prefab using Guid(749b26e20b5ee7679b32ec872a53c88e) Importer(815301076,1909f56bfc062723c751e8b465ee728b)  -> (artifact id: '1f945b4bf11caded405516255dee2789') in 0.079804 seconds
  Import took 0.084486 seconds .

========================================================================
Received Import Request.
  Time since last request: 10.471249 seconds.
  path: Assets/Prototyping/Green_Debug.mat
  artifactKey: Guid(a90b64b6fb1669a78a9ef06960e956a4) Importer(815301076,1909f56bfc062723c751e8b465ee728b)
Start importing Assets/Prototyping/Green_Debug.mat using Guid(a90b64b6fb1669a78a9ef06960e956a4) Importer(815301076,1909f56bfc062723c751e8b465ee728b)  -> (artifact id: '92202d56d6a03507176b1d5d9a030c28') in 0.022644 seconds
  Import took 0.026217 seconds .

========================================================================
Received Import Request.
  Time since last request: 8.488827 seconds.
  path: Assets/Prototyping/DebugSpecialCell.prefab
  artifactKey: Guid(ed445e9bb26e736f9b259f7bdeb182a6) Importer(815301076,1909f56bfc062723c751e8b465ee728b)
Start importing Assets/Prototyping/DebugSpecialCell.prefab using Guid(ed445e9bb26e736f9b259f7bdeb182a6) Importer(815301076,1909f56bfc062723c751e8b465ee728b)  -> (artifact id: 'bf8ec9dcca8c9993873a761fba8bab4e') in 0.033613 seconds
  Import took 0.038004 seconds .

========================================================================
Received Import Request.
  Time since last request: 0.317955 seconds.
  path: Assets/Prototyping/Green_Debug.mat
  artifactKey: Guid(a90b64b6fb1669a78a9ef06960e956a4) Importer(815301076,1909f56bfc062723c751e8b465ee728b)
Start importing Assets/Prototyping/Green_Debug.mat using Guid(a90b64b6fb1669a78a9ef06960e956a4) Importer(815301076,1909f56bfc062723c751e8b465ee728b)  -> (artifact id: '6e8517108fc0cd78a74c6abd1f752555') in 0.007935 seconds
  Import took 0.012974 seconds .

========================================================================
Received Import Request.
  Time since last request: 0.012428 seconds.
  path: Assets/Prototyping/Green_Debug.mat
  artifactKey: Guid(a90b64b6fb1669a78a9ef06960e956a4) Importer(815301076,1909f56bfc062723c751e8b465ee728b)
Start importing Assets/Prototyping/Green_Debug.mat using Guid(a90b64b6fb1669a78a9ef06960e956a4) Importer(815301076,1909f56bfc062723c751e8b465ee728b)  -> (artifact id: '6e8517108fc0cd78a74c6abd1f752555') in 0.008028 seconds
  Import took 0.011438 seconds .

========================================================================
Received Prepare
Registering precompiled user dll's ...
Registered in 0.002568 seconds.
Begin MonoManager ReloadAssembly
Native extension for LinuxStandalone target not found
Refreshing native plugins compatible for Editor in 0.43 ms, found 0 plugins.
Preloading 0 native plugins for Editor in 0.00 ms.
Mono: successfully reloaded assembly
- Completed reload, in  1.185 seconds
Platform modules already initialized, skipping
Refreshing native plugins compatible for Editor in 0.40 ms, found 0 plugins.
Preloading 0 native plugins for Editor in 0.00 ms.
Unloading 1682 Unused Serialized files (Serialized files now loaded: 0)
System memory in use before: 72.4 MB.
System memory in use after: 72.4 MB.

Unloading 15 unused Assets to reduce memory usage. Loaded Objects now: 2231.
Total: 4.839643 ms (FindLiveObjects: 0.516562 ms CreateObjectMapping: 0.209077 ms MarkObjects: 3.978511 ms  DeleteObjects: 0.133655 ms)

========================================================================
Received Prepare
Registering precompiled user dll's ...
Registered in 0.003009 seconds.
Begin MonoManager ReloadAssembly
Native extension for LinuxStandalone target not found
Refreshing native plugins compatible for Editor in 0.38 ms, found 0 plugins.
Preloading 0 native plugins for Editor in 0.00 ms.
Mono: successfully reloaded assembly
- Completed reload, in  1.155 seconds
Platform modules already initialized, skipping
Refreshing native plugins compatible for Editor in 0.61 ms, found 0 plugins.
Preloading 0 native plugins for Editor in 0.00 ms.
Unloading 1682 Unused Serialized files (Serialized files now loaded: 0)
System memory in use before: 72.4 MB.
System memory in use after: 72.4 MB.

Unloading 14 unused Assets to reduce memory usage. Loaded Objects now: 2234.
Total: 3.183331 ms (FindLiveObjects: 0.236914 ms CreateObjectMapping: 0.066316 ms MarkObjects: 2.761385 ms  DeleteObjects: 0.117266 ms)

========================================================================
Received Prepare
Registering precompiled user dll's ...
Registered in 0.003175 seconds.
Begin MonoManager ReloadAssembly
Native extension for LinuxStandalone target not found
Refreshing native plugins compatible for Editor in 0.36 ms, found 0 plugins.
Preloading 0 native plugins for Editor in 0.00 ms.
Mono: successfully reloaded assembly
- Completed reload, in  1.151 seconds
Platform modules already initialized, skipping
Refreshing native plugins compatible for Editor in 0.35 ms, found 0 plugins.
Preloading 0 native plugins for Editor in 0.00 ms.
Unloading 1682 Unused Serialized files (Serialized files now loaded: 0)
System memory in use before: 72.4 MB.
System memory in use after: 72.4 MB.

Unloading 14 unused Assets to reduce memory usage. Loaded Objects now: 2237.
Total: 3.355484 ms (FindLiveObjects: 0.234942 ms CreateObjectMapping: 0.060804 ms MarkObjects: 2.937084 ms  DeleteObjects: 0.121073 ms)

AssetImportWorkerClient::OnTransportError - code=2 error=End of file
